0 verbose cli C:\Program Files\nodejs\node.exe C:\Program Files\nodejs\node_modules\npm\bin\npm-cli.js
1 info using npm@10.9.3
2 info using node@v22.18.0
3 silly config load:file:C:\Program Files\nodejs\node_modules\npm\npmrc
4 silly config load:file:D:\GitHub\fit-p\.npmrc
5 silly config load:file:C:\Users\goodt\.npmrc
6 silly config load:file:C:\Program Files\nodejs\node_global\etc\npmrc
7 verbose title npm install axios
8 verbose argv "install" "axios" "--cache" ".npm-cache"
9 verbose logfile logs-max:10 dir:D:\GitHub\fit-p\.npm-cache\_logs\2025-08-02T12_47_22_758Z-
10 verbose logfile D:\GitHub\fit-p\.npm-cache\_logs\2025-08-02T12_47_22_758Z-debug-0.log
11 silly logfile done cleaning log files
12 silly packumentCache heap:4345298944 maxSize:1086324736 maxEntrySize:543162368
13 silly idealTree buildDeps
14 silly fetch manifest axios@^1.11.0
15 silly packumentCache full:https://registry.npmjs.org/axios cache-miss
16 http fetch GET 200 https://registry.npmjs.org/axios 854ms (cache revalidated)
17 silly packumentCache full:https://registry.npmjs.org/axios set size:676869 disposed:false
18 silly placeDep ROOT axios@1.11.0 REPLACE for: nutrition-tracking-backend@1.0.0 want: ^1.11.0
19 silly reify moves {}
20 silly audit bulk request {
20 silly audit   accepts: [ '1.3.8' ],
20 silly audit   anymatch: [ '3.1.3' ],
20 silly audit   'array-flatten': [ '1.1.1' ],
20 silly audit   asynckit: [ '0.4.0' ],
20 silly audit   'aws-ssl-profiles': [ '1.1.2' ],
20 silly audit   'balanced-match': [ '1.0.2' ],
20 silly audit   'binary-extensions': [ '2.3.0' ],
20 silly audit   'body-parser': [ '1.20.3' ],
20 silly audit   'brace-expansion': [ '1.1.12' ],
20 silly audit   braces: [ '3.0.3' ],
20 silly audit   bytes: [ '3.1.2' ],
20 silly audit   'call-bind-apply-helpers': [ '1.0.2' ],
20 silly audit   'call-bound': [ '1.0.4' ],
20 silly audit   chokidar: [ '3.6.0' ],
20 silly audit   'combined-stream': [ '1.0.8' ],
20 silly audit   'concat-map': [ '0.0.1' ],
20 silly audit   'content-disposition': [ '0.5.4' ],
20 silly audit   'content-type': [ '1.0.5' ],
20 silly audit   cookie: [ '0.7.1' ],
20 silly audit   'cookie-signature': [ '1.0.6' ],
20 silly audit   cors: [ '2.8.5' ],
20 silly audit   debug: [ '2.6.9', '3.2.7' ],
20 silly audit   'delayed-stream': [ '1.0.0' ],
20 silly audit   denque: [ '2.1.0' ],
20 silly audit   depd: [ '2.0.0' ],
20 silly audit   destroy: [ '1.2.0' ],
20 silly audit   dotenv: [ '16.6.1' ],
20 silly audit   'dunder-proto': [ '1.0.1' ],
20 silly audit   'ee-first': [ '1.1.1' ],
20 silly audit   encodeurl: [ '2.0.0', '1.0.2' ],
20 silly audit   'es-define-property': [ '1.0.1' ],
20 silly audit   'es-errors': [ '1.3.0' ],
20 silly audit   'es-object-atoms': [ '1.1.1' ],
20 silly audit   'es-set-tostringtag': [ '2.1.0' ],
20 silly audit   'escape-html': [ '1.0.3' ],
20 silly audit   etag: [ '1.8.1' ],
20 silly audit   express: [ '4.21.2' ],
20 silly audit   'fill-range': [ '7.1.1' ],
20 silly audit   finalhandler: [ '1.3.1' ],
20 silly audit   'follow-redirects': [ '1.15.11' ],
20 silly audit   'form-data': [ '4.0.4' ],
20 silly audit   forwarded: [ '0.2.0' ],
20 silly audit   fresh: [ '0.5.2' ],
20 silly audit   fsevents: [ '2.3.3' ],
20 silly audit   'function-bind': [ '1.1.2' ],
20 silly audit   'generate-function': [ '2.3.1' ],
20 silly audit   'get-intrinsic': [ '1.3.0' ],
20 silly audit   'get-proto': [ '1.0.1' ],
20 silly audit   'glob-parent': [ '5.1.2' ],
20 silly audit   gopd: [ '1.2.0' ],
20 silly audit   'has-flag': [ '3.0.0' ],
20 silly audit   'has-symbols': [ '1.1.0' ],
20 silly audit   'has-tostringtag': [ '1.0.2' ],
20 silly audit   hasown: [ '2.0.2' ],
20 silly audit   'http-errors': [ '2.0.0' ],
20 silly audit   'iconv-lite': [ '0.4.24', '0.6.3' ],
20 silly audit   'ignore-by-default': [ '1.0.1' ],
20 silly audit   inherits: [ '2.0.4' ],
20 silly audit   'ipaddr.js': [ '1.9.1' ],
20 silly audit   'is-binary-path': [ '2.1.0' ],
20 silly audit   'is-extglob': [ '2.1.1' ],
20 silly audit   'is-glob': [ '4.0.3' ],
20 silly audit   'is-number': [ '7.0.0' ],
20 silly audit   'is-property': [ '1.0.2' ],
20 silly audit   long: [ '5.3.2' ],
20 silly audit   'lru-cache': [ '7.18.3' ],
20 silly audit   'lru.min': [ '1.1.2' ],
20 silly audit   'math-intrinsics': [ '1.1.0' ],
20 silly audit   'media-typer': [ '0.3.0' ],
20 silly audit   'merge-descriptors': [ '1.0.3' ],
20 silly audit   methods: [ '1.1.2' ],
20 silly audit   mime: [ '1.6.0' ],
20 silly audit   'mime-db': [ '1.52.0' ],
20 silly audit   'mime-types': [ '2.1.35' ],
20 silly audit   minimatch: [ '3.1.2' ],
20 silly audit   ms: [ '2.0.0', '2.1.3' ],
20 silly audit   mysql2: [ '3.14.3' ],
20 silly audit   'named-placeholders': [ '1.1.3' ],
20 silly audit   negotiator: [ '0.6.3' ],
20 silly audit   nodemon: [ '2.0.22' ],
20 silly audit   'normalize-path': [ '3.0.0' ],
20 silly audit   'object-assign': [ '4.1.1' ],
20 silly audit   'object-inspect': [ '1.13.4' ],
20 silly audit   'on-finished': [ '2.4.1' ],
20 silly audit   parseurl: [ '1.3.3' ],
20 silly audit   'path-to-regexp': [ '0.1.12' ],
20 silly audit   picomatch: [ '2.3.1' ],
20 silly audit   'proxy-addr': [ '2.0.7' ],
20 silly audit   'proxy-from-env': [ '1.1.0' ],
20 silly audit   'pstree.remy': [ '1.1.8' ],
20 silly audit   qs: [ '6.13.0' ],
20 silly audit   'range-parser': [ '1.2.1' ],
20 silly audit   'raw-body': [ '2.5.2' ],
20 silly audit   readdirp: [ '3.6.0' ],
20 silly audit   'safe-buffer': [ '5.2.1' ],
20 silly audit   'safer-buffer': [ '2.1.2' ],
20 silly audit   semver: [ '5.7.2', '7.0.0' ],
20 silly audit   send: [ '0.19.0' ],
20 silly audit   'seq-queue': [ '0.0.5' ],
20 silly audit   'serve-static': [ '1.16.2' ],
20 silly audit   setprototypeof: [ '1.2.0' ],
20 silly audit   'side-channel': [ '1.1.0' ],
20 silly audit   'side-channel-list': [ '1.0.0' ],
20 silly audit   'side-channel-map': [ '1.0.1' ],
20 silly audit   'side-channel-weakmap': [ '1.0.2' ],
20 silly audit   'simple-update-notifier': [ '1.1.0' ],
20 silly audit   sqlstring: [ '2.3.3' ],
20 silly audit   statuses: [ '2.0.1' ],
20 silly audit   'supports-color': [ '5.5.0' ],
20 silly audit   'to-regex-range': [ '5.0.1' ],
20 silly audit   toidentifier: [ '1.0.1' ],
20 silly audit   touch: [ '3.1.1' ],
20 silly audit   'type-is': [ '1.6.18' ],
20 silly audit   undefsafe: [ '2.0.5' ],
20 silly audit   unpipe: [ '1.0.0' ],
20 silly audit   'utils-merge': [ '1.0.1' ],
20 silly audit   vary: [ '1.1.2' ],
20 silly audit   axios: [ '1.11.0' ]
20 silly audit }
21 verbose reify failed optional dependency D:\GitHub\fit-p\node_modules\fsevents
22 silly reify mark deleted [ 'D:\\GitHub\\fit-p\\node_modules\\fsevents' ]
23 http fetch POST 200 https://registry.npmjs.org/-/npm/v1/security/advisories/bulk 232ms
24 silly audit report {
24 silly audit report   semver: [
24 silly audit report     {
24 silly audit report       id: 1101088,
24 silly audit report       url: 'https://github.com/advisories/GHSA-c2qf-rxjj-qqgw',
24 silly audit report       title: 'semver vulnerable to Regular Expression Denial of Service',
24 silly audit report       severity: 'high',
24 silly audit report       vulnerable_versions: '>=7.0.0 <7.5.2',
24 silly audit report       cwe: [Array],
24 silly audit report       cvss: [Object]
24 silly audit report     }
24 silly audit report   ]
24 silly audit report }
25 silly packumentCache corgi:https://registry.npmjs.org/semver cache-miss
26 http fetch GET 200 https://registry.npmjs.org/semver 206ms (cache revalidated)
27 silly packumentCache corgi:https://registry.npmjs.org/semver set size:94787 disposed:false
28 silly packumentCache corgi:https://registry.npmjs.org/simple-update-notifier cache-miss
29 http fetch GET 200 https://registry.npmjs.org/simple-update-notifier 200ms (cache revalidated)
30 silly packumentCache corgi:https://registry.npmjs.org/simple-update-notifier set size:21489 disposed:false
31 silly packumentCache corgi:https://registry.npmjs.org/nodemon cache-miss
32 http fetch GET 200 https://registry.npmjs.org/nodemon 218ms (cache revalidated)
33 silly packumentCache corgi:https://registry.npmjs.org/nodemon set size:277481 disposed:false
34 silly ADD
35 verbose cwd D:\GitHub\fit-p
36 verbose os Windows_NT 10.0.26100
37 verbose node v22.18.0
38 verbose npm  v10.9.3
39 verbose exit 0
40 info ok
