0 verbose cli C:\Program Files\nodejs\node.exe C:\Program Files\nodejs\node_modules\npm\bin\npm-cli.js
1 info using npm@10.9.3
2 info using node@v22.18.0
3 silly config load:file:C:\Program Files\nodejs\node_modules\npm\npmrc
4 silly config load:file:D:\GitHub\fit-p\.npmrc
5 silly config load:file:C:\Users\goodt\.npmrc
6 silly config load:file:C:\Program Files\nodejs\node_global\etc\npmrc
7 verbose title npm install
8 verbose argv "install" "--cache" ".npm-cache"
9 verbose logfile logs-max:10 dir:D:\GitHub\fit-p\.npm-cache\_logs\2025-08-02T11_50_45_525Z-
10 verbose logfile D:\GitHub\fit-p\.npm-cache\_logs\2025-08-02T11_50_45_525Z-debug-0.log
11 silly logfile done cleaning log files
12 silly packumentCache heap:4345298944 maxSize:1086324736 maxEntrySize:543162368
13 silly idealTree buildDeps
14 silly fetch manifest express@^4.18.2
15 silly packumentCache full:https://registry.npmjs.org/express cache-miss
16 http fetch GET 200 https://registry.npmjs.org/express 991ms (cache miss)
17 silly packumentCache full:https://registry.npmjs.org/express set size:undefined disposed:false
18 silly fetch manifest cors@^2.8.5
19 silly packumentCache full:https://registry.npmjs.org/cors cache-miss
20 http fetch GET 200 https://registry.npmjs.org/cors 200ms (cache miss)
21 silly packumentCache full:https://registry.npmjs.org/cors set size:undefined disposed:false
22 silly fetch manifest mysql2@^3.6.0
23 silly packumentCache full:https://registry.npmjs.org/mysql2 cache-miss
24 http fetch GET 200 https://registry.npmjs.org/mysql2 598ms (cache miss)
25 silly packumentCache full:https://registry.npmjs.org/mysql2 set size:undefined disposed:false
26 silly fetch manifest dotenv@^16.3.1
27 silly packumentCache full:https://registry.npmjs.org/dotenv cache-miss
28 http fetch GET 200 https://registry.npmjs.org/dotenv 271ms (cache miss)
29 silly packumentCache full:https://registry.npmjs.org/dotenv set size:undefined disposed:false
30 silly fetch manifest nodemon@^2.0.15
31 silly packumentCache full:https://registry.npmjs.org/nodemon cache-miss
32 http fetch GET 200 https://registry.npmjs.org/nodemon 447ms (cache miss)
33 silly packumentCache full:https://registry.npmjs.org/nodemon set size:undefined disposed:false
34 silly placeDep ROOT cors@2.8.5 OK for: nutrition-tracking-backend@1.0.0 want: ^2.8.5
35 silly placeDep ROOT dotenv@16.6.1 OK for: nutrition-tracking-backend@1.0.0 want: ^16.3.1
36 silly placeDep ROOT express@4.21.2 OK for: nutrition-tracking-backend@1.0.0 want: ^4.18.2
37 silly placeDep ROOT mysql2@3.14.3 OK for: nutrition-tracking-backend@1.0.0 want: ^3.6.0
38 silly placeDep ROOT nodemon@2.0.22 OK for: nutrition-tracking-backend@1.0.0 want: ^2.0.15
39 silly fetch manifest vary@^1
40 silly packumentCache full:https://registry.npmjs.org/vary cache-miss
41 silly fetch manifest object-assign@^4
42 silly packumentCache full:https://registry.npmjs.org/object-assign cache-miss
43 silly fetch manifest qs@6.13.0
44 silly packumentCache full:https://registry.npmjs.org/qs cache-miss
45 silly fetch manifest depd@2.0.0
46 silly packumentCache full:https://registry.npmjs.org/depd cache-miss
47 silly fetch manifest etag@~1.8.1
48 silly packumentCache full:https://registry.npmjs.org/etag cache-miss
49 silly fetch manifest send@0.19.0
50 silly packumentCache full:https://registry.npmjs.org/send cache-miss
51 silly fetch manifest vary@~1.1.2
52 silly packumentCache full:https://registry.npmjs.org/vary cache-miss
53 silly fetch manifest debug@2.6.9
54 silly packumentCache full:https://registry.npmjs.org/debug cache-miss
55 silly fetch manifest fresh@0.5.2
56 silly packumentCache full:https://registry.npmjs.org/fresh cache-miss
57 silly fetch manifest cookie@0.7.1
58 silly packumentCache full:https://registry.npmjs.org/cookie cache-miss
59 silly fetch manifest accepts@~1.3.8
60 silly packumentCache full:https://registry.npmjs.org/accepts cache-miss
61 silly fetch manifest methods@~1.1.2
62 silly packumentCache full:https://registry.npmjs.org/methods cache-miss
63 silly fetch manifest type-is@~1.6.18
64 silly packumentCache full:https://registry.npmjs.org/type-is cache-miss
65 silly fetch manifest parseurl@~1.3.3
66 silly packumentCache full:https://registry.npmjs.org/parseurl cache-miss
67 silly fetch manifest statuses@2.0.1
68 silly packumentCache full:https://registry.npmjs.org/statuses cache-miss
69 silly fetch manifest encodeurl@~2.0.0
70 silly packumentCache full:https://registry.npmjs.org/encodeurl cache-miss
71 silly fetch manifest proxy-addr@~2.0.7
72 silly packumentCache full:https://registry.npmjs.org/proxy-addr cache-miss
73 silly fetch manifest body-parser@1.20.3
74 silly packumentCache full:https://registry.npmjs.org/body-parser cache-miss
75 silly fetch manifest escape-html@~1.0.3
76 silly packumentCache full:https://registry.npmjs.org/escape-html cache-miss
77 silly fetch manifest http-errors@2.0.0
78 silly packumentCache full:https://registry.npmjs.org/http-errors cache-miss
79 silly fetch manifest on-finished@2.4.1
80 silly packumentCache full:https://registry.npmjs.org/on-finished cache-miss
81 http fetch GET 200 https://registry.npmjs.org/vary 216ms (cache miss)
82 silly packumentCache full:https://registry.npmjs.org/vary set size:undefined disposed:false
83 silly fetch manifest safe-buffer@5.2.1
84 silly packumentCache full:https://registry.npmjs.org/safe-buffer cache-miss
85 http fetch GET 200 https://registry.npmjs.org/npm 3047ms
86 http fetch GET 200 https://registry.npmjs.org/statuses 423ms (cache miss)
87 silly packumentCache full:https://registry.npmjs.org/statuses set size:undefined disposed:false
88 silly fetch manifest utils-merge@1.0.1
89 silly packumentCache full:https://registry.npmjs.org/utils-merge cache-miss
90 http fetch GET 200 https://registry.npmjs.org/encodeurl 584ms (cache miss)
91 silly packumentCache full:https://registry.npmjs.org/encodeurl set size:undefined disposed:false
92 silly fetch manifest content-type@~1.0.4
93 silly packumentCache full:https://registry.npmjs.org/content-type cache-miss
94 http fetch GET 200 https://registry.npmjs.org/proxy-addr 602ms (cache miss)
95 silly packumentCache full:https://registry.npmjs.org/proxy-addr set size:undefined disposed:false
96 silly fetch manifest finalhandler@1.3.1
97 silly packumentCache full:https://registry.npmjs.org/finalhandler cache-miss
98 http fetch GET 200 https://registry.npmjs.org/type-is 717ms (cache miss)
99 silly packumentCache full:https://registry.npmjs.org/type-is set size:undefined disposed:false
100 silly fetch manifest range-parser@~1.2.1
101 silly packumentCache full:https://registry.npmjs.org/range-parser cache-miss
102 http fetch GET 200 https://registry.npmjs.org/methods 722ms (cache miss)
103 silly packumentCache full:https://registry.npmjs.org/methods set size:undefined disposed:false
104 silly fetch manifest serve-static@1.16.2
105 silly packumentCache full:https://registry.npmjs.org/serve-static cache-miss
106 http fetch GET 200 https://registry.npmjs.org/parseurl 723ms (cache miss)
107 silly packumentCache full:https://registry.npmjs.org/parseurl set size:undefined disposed:false
108 silly fetch manifest array-flatten@1.1.1
109 silly packumentCache full:https://registry.npmjs.org/array-flatten cache-miss
110 http fetch GET 200 https://registry.npmjs.org/send 732ms (cache miss)
111 silly packumentCache full:https://registry.npmjs.org/send set size:undefined disposed:false
112 silly fetch manifest path-to-regexp@0.1.12
113 silly packumentCache full:https://registry.npmjs.org/path-to-regexp cache-miss
114 http fetch GET 200 https://registry.npmjs.org/fresh 735ms (cache miss)
115 silly packumentCache full:https://registry.npmjs.org/fresh set size:undefined disposed:false
116 silly fetch manifest setprototypeof@1.2.0
117 silly packumentCache full:https://registry.npmjs.org/setprototypeof cache-miss
118 http fetch GET 200 https://registry.npmjs.org/escape-html 780ms (cache miss)
119 silly packumentCache full:https://registry.npmjs.org/escape-html set size:undefined disposed:false
120 silly fetch manifest cookie-signature@1.0.6
121 silly packumentCache full:https://registry.npmjs.org/cookie-signature cache-miss
122 http fetch GET 200 https://registry.npmjs.org/qs 876ms (cache miss)
123 silly packumentCache full:https://registry.npmjs.org/qs set size:undefined disposed:false
124 silly fetch manifest merge-descriptors@1.0.3
125 silly packumentCache full:https://registry.npmjs.org/merge-descriptors cache-miss
126 http fetch GET 200 https://registry.npmjs.org/depd 899ms (cache miss)
127 silly packumentCache full:https://registry.npmjs.org/depd set size:undefined disposed:false
128 silly fetch manifest content-disposition@0.5.4
129 silly packumentCache full:https://registry.npmjs.org/content-disposition cache-miss
130 http fetch GET 200 https://registry.npmjs.org/vary 902ms (cache miss)
131 silly packumentCache full:https://registry.npmjs.org/vary set size:undefined disposed:false
132 silly fetch manifest aws-ssl-profiles@^1.1.1
133 silly packumentCache full:https://registry.npmjs.org/aws-ssl-profiles cache-miss
134 http fetch GET 200 https://registry.npmjs.org/on-finished 900ms (cache miss)
135 silly packumentCache full:https://registry.npmjs.org/on-finished set size:undefined disposed:false
136 silly fetch manifest denque@^2.1.0
137 silly packumentCache full:https://registry.npmjs.org/denque cache-miss
138 http fetch GET 200 https://registry.npmjs.org/http-errors 908ms (cache miss)
139 silly packumentCache full:https://registry.npmjs.org/http-errors set size:undefined disposed:false
140 silly fetch manifest generate-function@^2.3.1
141 silly packumentCache full:https://registry.npmjs.org/generate-function cache-miss
142 http fetch GET 200 https://registry.npmjs.org/safe-buffer 701ms (cache miss)
143 silly packumentCache full:https://registry.npmjs.org/safe-buffer set size:undefined disposed:false
144 silly fetch manifest iconv-lite@^0.6.3
145 silly packumentCache full:https://registry.npmjs.org/iconv-lite cache-miss
146 http fetch GET 200 https://registry.npmjs.org/content-type 333ms (cache miss)
147 silly packumentCache full:https://registry.npmjs.org/content-type set size:undefined disposed:false
148 silly fetch manifest long@^5.2.1
149 silly packumentCache full:https://registry.npmjs.org/long cache-miss
150 http fetch GET 200 https://registry.npmjs.org/utils-merge 532ms (cache miss)
151 silly packumentCache full:https://registry.npmjs.org/utils-merge set size:undefined disposed:false
152 silly fetch manifest lru.min@^1.0.0
153 silly packumentCache full:https://registry.npmjs.org/lru.min cache-miss
154 http fetch GET 200 https://registry.npmjs.org/body-parser 989ms (cache miss)
155 silly packumentCache full:https://registry.npmjs.org/body-parser set size:undefined disposed:false
156 silly fetch manifest named-placeholders@^1.1.3
157 silly packumentCache full:https://registry.npmjs.org/named-placeholders cache-miss
158 http fetch GET 200 https://registry.npmjs.org/finalhandler 391ms (cache miss)
159 silly packumentCache full:https://registry.npmjs.org/finalhandler set size:undefined disposed:false
160 silly fetch manifest seq-queue@^0.0.5
161 silly packumentCache full:https://registry.npmjs.org/seq-queue cache-miss
162 http fetch GET 200 https://registry.npmjs.org/range-parser 344ms (cache miss)
163 silly packumentCache full:https://registry.npmjs.org/range-parser set size:undefined disposed:false
164 silly fetch manifest sqlstring@^2.3.2
165 silly packumentCache full:https://registry.npmjs.org/sqlstring cache-miss
166 http fetch GET 200 https://registry.npmjs.org/merge-descriptors 234ms (cache miss)
167 silly packumentCache full:https://registry.npmjs.org/merge-descriptors set size:undefined disposed:false
168 silly fetch manifest debug@^3.2.7
169 silly packumentCache full:https://registry.npmjs.org/debug cache-miss
170 http fetch GET 200 https://registry.npmjs.org/aws-ssl-profiles 282ms (cache miss)
171 silly packumentCache full:https://registry.npmjs.org/aws-ssl-profiles set size:undefined disposed:false
172 silly fetch manifest touch@^3.1.0
173 silly packumentCache full:https://registry.npmjs.org/touch cache-miss
174 http fetch GET 200 https://registry.npmjs.org/denque 285ms (cache miss)
175 silly packumentCache full:https://registry.npmjs.org/denque set size:undefined disposed:false
176 silly fetch manifest semver@^5.7.1
177 silly packumentCache full:https://registry.npmjs.org/semver cache-miss
178 http fetch GET 200 https://registry.npmjs.org/generate-function 333ms (cache miss)
179 silly packumentCache full:https://registry.npmjs.org/generate-function set size:undefined disposed:false
180 silly fetch manifest chokidar@^3.5.2
181 silly packumentCache full:https://registry.npmjs.org/chokidar cache-miss
182 http fetch GET 200 https://registry.npmjs.org/cookie-signature 467ms (cache miss)
183 silly packumentCache full:https://registry.npmjs.org/cookie-signature set size:undefined disposed:false
184 silly fetch manifest minimatch@^3.1.2
185 silly packumentCache full:https://registry.npmjs.org/minimatch cache-miss
186 http fetch GET 200 https://registry.npmjs.org/path-to-regexp 525ms (cache miss)
187 silly packumentCache full:https://registry.npmjs.org/path-to-regexp set size:undefined disposed:false
188 silly fetch manifest undefsafe@^2.0.5
189 silly packumentCache full:https://registry.npmjs.org/undefsafe cache-miss
190 http fetch GET 200 https://registry.npmjs.org/array-flatten 542ms (cache miss)
191 silly packumentCache full:https://registry.npmjs.org/array-flatten set size:undefined disposed:false
192 silly fetch manifest pstree.remy@^1.1.8
193 silly packumentCache full:https://registry.npmjs.org/pstree.remy cache-miss
194 http fetch GET 200 https://registry.npmjs.org/accepts 1271ms (cache miss)
195 silly packumentCache full:https://registry.npmjs.org/accepts set size:undefined disposed:false
196 silly fetch manifest supports-color@^5.5.0
197 silly packumentCache full:https://registry.npmjs.org/supports-color cache-miss
198 http fetch GET 200 https://registry.npmjs.org/setprototypeof 545ms (cache miss)
199 silly packumentCache full:https://registry.npmjs.org/setprototypeof set size:undefined disposed:false
200 silly fetch manifest ignore-by-default@^1.0.1
201 silly packumentCache full:https://registry.npmjs.org/ignore-by-default cache-miss
202 http fetch GET 200 https://registry.npmjs.org/iconv-lite 420ms (cache miss)
203 silly packumentCache full:https://registry.npmjs.org/iconv-lite set size:undefined disposed:false
204 silly fetch manifest simple-update-notifier@^1.0.7
205 silly packumentCache full:https://registry.npmjs.org/simple-update-notifier cache-miss
206 http fetch GET 200 https://registry.npmjs.org/serve-static 619ms (cache miss)
207 silly packumentCache full:https://registry.npmjs.org/serve-static set size:undefined disposed:false
208 http fetch GET 200 https://registry.npmjs.org/content-disposition 446ms (cache miss)
209 silly packumentCache full:https://registry.npmjs.org/content-disposition set size:undefined disposed:false
210 http fetch GET 200 https://registry.npmjs.org/lru.min 409ms (cache miss)
211 silly packumentCache full:https://registry.npmjs.org/lru.min set size:undefined disposed:false
212 http fetch GET 200 https://registry.npmjs.org/object-assign 1390ms (cache miss)
213 silly packumentCache full:https://registry.npmjs.org/object-assign set size:undefined disposed:false
214 http fetch GET 200 https://registry.npmjs.org/seq-queue 417ms (cache miss)
215 silly packumentCache full:https://registry.npmjs.org/seq-queue set size:undefined disposed:false
216 http fetch GET 200 https://registry.npmjs.org/long 503ms (cache miss)
217 silly packumentCache full:https://registry.npmjs.org/long set size:undefined disposed:false
218 http fetch GET 200 https://registry.npmjs.org/sqlstring 368ms (cache miss)
219 silly packumentCache full:https://registry.npmjs.org/sqlstring set size:undefined disposed:false
220 http fetch GET 200 https://registry.npmjs.org/touch 270ms (cache miss)
221 silly packumentCache full:https://registry.npmjs.org/touch set size:undefined disposed:false
222 http fetch GET 200 https://registry.npmjs.org/named-placeholders 572ms (cache miss)
223 silly packumentCache full:https://registry.npmjs.org/named-placeholders set size:undefined disposed:false
224 http fetch GET 200 https://registry.npmjs.org/pstree.remy 302ms (cache miss)
225 silly packumentCache full:https://registry.npmjs.org/pstree.remy set size:undefined disposed:false
226 http fetch GET 200 https://registry.npmjs.org/ignore-by-default 319ms (cache miss)
227 silly packumentCache full:https://registry.npmjs.org/ignore-by-default set size:undefined disposed:false
228 http fetch GET 200 https://registry.npmjs.org/semver 443ms (cache miss)
229 silly packumentCache full:https://registry.npmjs.org/semver set size:undefined disposed:false
230 http fetch GET 200 https://registry.npmjs.org/supports-color 383ms (cache miss)
231 silly packumentCache full:https://registry.npmjs.org/supports-color set size:undefined disposed:false
232 http fetch GET 200 https://registry.npmjs.org/etag 1702ms (cache miss)
233 silly packumentCache full:https://registry.npmjs.org/etag set size:undefined disposed:false
234 http fetch GET 200 https://registry.npmjs.org/debug 589ms (cache miss)
235 silly packumentCache full:https://registry.npmjs.org/debug set size:undefined disposed:false
236 http fetch GET 200 https://registry.npmjs.org/undefsafe 453ms (cache miss)
237 silly packumentCache full:https://registry.npmjs.org/undefsafe set size:undefined disposed:false
238 http fetch GET 200 https://registry.npmjs.org/cookie 1717ms (cache miss)
239 silly packumentCache full:https://registry.npmjs.org/cookie set size:undefined disposed:false
240 http fetch GET 200 https://registry.npmjs.org/simple-update-notifier 441ms (cache miss)
241 silly packumentCache full:https://registry.npmjs.org/simple-update-notifier set size:undefined disposed:false
242 http fetch GET 200 https://registry.npmjs.org/chokidar 537ms (cache miss)
243 silly packumentCache full:https://registry.npmjs.org/chokidar set size:undefined disposed:false
244 http fetch GET 200 https://registry.npmjs.org/minimatch 633ms (cache miss)
245 silly packumentCache full:https://registry.npmjs.org/minimatch set size:undefined disposed:false
246 http fetch GET 200 https://registry.npmjs.org/debug 2214ms (cache miss)
247 silly packumentCache full:https://registry.npmjs.org/debug set size:undefined disposed:false
248 silly placeDep ROOT object-assign@4.1.1 OK for: cors@2.8.5 want: ^4
249 silly placeDep ROOT vary@1.1.2 OK for: cors@2.8.5 want: ^1
250 silly placeDep ROOT accepts@1.3.8 OK for: express@4.21.2 want: ~1.3.8
251 silly placeDep ROOT array-flatten@1.1.1 OK for: express@4.21.2 want: 1.1.1
252 silly placeDep ROOT body-parser@1.20.3 OK for: express@4.21.2 want: 1.20.3
253 silly placeDep ROOT content-disposition@0.5.4 OK for: express@4.21.2 want: 0.5.4
254 silly placeDep ROOT content-type@1.0.5 OK for: express@4.21.2 want: ~1.0.4
255 silly placeDep ROOT cookie@0.7.1 OK for: express@4.21.2 want: 0.7.1
256 silly placeDep ROOT cookie-signature@1.0.6 OK for: express@4.21.2 want: 1.0.6
257 silly placeDep ROOT debug@2.6.9 OK for: express@4.21.2 want: 2.6.9
258 silly placeDep ROOT depd@2.0.0 OK for: express@4.21.2 want: 2.0.0
259 silly placeDep ROOT encodeurl@2.0.0 OK for: express@4.21.2 want: ~2.0.0
260 silly placeDep ROOT escape-html@1.0.3 OK for: express@4.21.2 want: ~1.0.3
261 silly placeDep ROOT etag@1.8.1 OK for: express@4.21.2 want: ~1.8.1
262 silly placeDep ROOT finalhandler@1.3.1 OK for: express@4.21.2 want: 1.3.1
263 silly placeDep ROOT fresh@0.5.2 OK for: express@4.21.2 want: 0.5.2
264 silly placeDep ROOT http-errors@2.0.0 OK for: express@4.21.2 want: 2.0.0
265 silly placeDep ROOT merge-descriptors@1.0.3 OK for: express@4.21.2 want: 1.0.3
266 silly placeDep ROOT methods@1.1.2 OK for: express@4.21.2 want: ~1.1.2
267 silly placeDep ROOT on-finished@2.4.1 OK for: express@4.21.2 want: 2.4.1
268 silly placeDep ROOT parseurl@1.3.3 OK for: express@4.21.2 want: ~1.3.3
269 silly placeDep ROOT path-to-regexp@0.1.12 OK for: express@4.21.2 want: 0.1.12
270 silly placeDep ROOT proxy-addr@2.0.7 OK for: express@4.21.2 want: ~2.0.7
271 silly placeDep ROOT qs@6.13.0 OK for: express@4.21.2 want: 6.13.0
272 silly placeDep ROOT range-parser@1.2.1 OK for: express@4.21.2 want: ~1.2.1
273 silly placeDep ROOT safe-buffer@5.2.1 OK for: express@4.21.2 want: 5.2.1
274 silly placeDep ROOT send@0.19.0 OK for: express@4.21.2 want: 0.19.0
275 silly placeDep ROOT serve-static@1.16.2 OK for: express@4.21.2 want: 1.16.2
276 silly placeDep ROOT setprototypeof@1.2.0 OK for: express@4.21.2 want: 1.2.0
277 silly placeDep ROOT statuses@2.0.1 OK for: express@4.21.2 want: 2.0.1
278 silly placeDep ROOT type-is@1.6.18 OK for: express@4.21.2 want: ~1.6.18
279 silly placeDep ROOT utils-merge@1.0.1 OK for: express@4.21.2 want: 1.0.1
280 silly fetch manifest mime-types@~2.1.34
281 silly packumentCache full:https://registry.npmjs.org/mime-types cache-miss
282 silly fetch manifest negotiator@0.6.3
283 silly packumentCache full:https://registry.npmjs.org/negotiator cache-miss
284 silly fetch manifest bytes@3.1.2
285 silly packumentCache full:https://registry.npmjs.org/bytes cache-miss
286 silly fetch manifest unpipe@1.0.0
287 silly packumentCache full:https://registry.npmjs.org/unpipe cache-miss
288 silly fetch manifest destroy@1.2.0
289 silly packumentCache full:https://registry.npmjs.org/destroy cache-miss
290 silly fetch manifest raw-body@2.5.2
291 silly packumentCache full:https://registry.npmjs.org/raw-body cache-miss
292 silly fetch manifest iconv-lite@0.4.24
293 silly packumentCache full:https://registry.npmjs.org/iconv-lite cache-miss
294 silly fetch manifest content-type@~1.0.5
295 silly packumentCache full:https://registry.npmjs.org/content-type cache-miss
296 silly fetch manifest ms@2.0.0
297 silly packumentCache full:https://registry.npmjs.org/ms cache-miss
298 silly fetch manifest unpipe@~1.0.0
299 silly packumentCache full:https://registry.npmjs.org/unpipe cache-miss
300 silly fetch manifest inherits@2.0.4
301 silly packumentCache full:https://registry.npmjs.org/inherits cache-miss
302 silly fetch manifest toidentifier@1.0.1
303 silly packumentCache full:https://registry.npmjs.org/toidentifier cache-miss
304 silly fetch manifest ee-first@1.1.1
305 silly packumentCache full:https://registry.npmjs.org/ee-first cache-miss
306 silly fetch manifest forwarded@0.2.0
307 silly packumentCache full:https://registry.npmjs.org/forwarded cache-miss
308 silly fetch manifest ipaddr.js@1.9.1
309 silly packumentCache full:https://registry.npmjs.org/ipaddr.js cache-miss
310 silly fetch manifest side-channel@^1.0.6
311 silly packumentCache full:https://registry.npmjs.org/side-channel cache-miss
312 silly fetch manifest ms@2.1.3
313 silly packumentCache full:https://registry.npmjs.org/ms cache-miss
314 silly fetch manifest mime@1.6.0
315 silly packumentCache full:https://registry.npmjs.org/mime cache-miss
316 silly fetch manifest destroy@1.2.0
317 silly packumentCache full:https://registry.npmjs.org/destroy cache-miss
318 silly fetch manifest encodeurl@~1.0.2
319 silly packumentCache full:https://registry.npmjs.org/encodeurl cache-miss
320 silly fetch manifest mime-types@~2.1.24
321 silly packumentCache full:https://registry.npmjs.org/mime-types cache-miss
322 http cache https://registry.npmjs.org/encodeurl 31ms (cache hit)
323 silly packumentCache full:https://registry.npmjs.org/encodeurl set size:12296 disposed:false
324 silly fetch manifest media-typer@0.3.0
325 silly packumentCache full:https://registry.npmjs.org/media-typer cache-miss
326 http cache https://registry.npmjs.org/content-type 36ms (cache hit)
327 silly packumentCache full:https://registry.npmjs.org/content-type set size:17311 disposed:false
328 http cache https://registry.npmjs.org/iconv-lite 38ms (cache hit)
329 silly packumentCache full:https://registry.npmjs.org/iconv-lite set size:115994 disposed:false
330 http fetch GET 200 https://registry.npmjs.org/unpipe 217ms (cache miss)
331 silly packumentCache full:https://registry.npmjs.org/unpipe set size:undefined disposed:false
332 http fetch GET 200 https://registry.npmjs.org/unpipe 217ms (cache miss)
333 silly packumentCache full:https://registry.npmjs.org/unpipe set size:undefined disposed:false
334 http fetch GET 200 https://registry.npmjs.org/bytes 222ms (cache miss)
335 silly packumentCache full:https://registry.npmjs.org/bytes set size:undefined disposed:false
336 http fetch GET 200 https://registry.npmjs.org/inherits 222ms (cache miss)
337 silly packumentCache full:https://registry.npmjs.org/inherits set size:undefined disposed:false
338 http fetch GET 200 https://registry.npmjs.org/side-channel 221ms (cache miss)
339 silly packumentCache full:https://registry.npmjs.org/side-channel set size:undefined disposed:false
340 http fetch GET 200 https://registry.npmjs.org/mime-types 231ms (cache miss)
341 silly packumentCache full:https://registry.npmjs.org/mime-types set size:undefined disposed:false
342 http fetch GET 200 https://registry.npmjs.org/raw-body 234ms (cache miss)
343 silly packumentCache full:https://registry.npmjs.org/raw-body set size:undefined disposed:false
344 http fetch GET 200 https://registry.npmjs.org/ipaddr.js 235ms (cache miss)
345 silly packumentCache full:https://registry.npmjs.org/ipaddr.js set size:undefined disposed:false
346 http fetch GET 200 https://registry.npmjs.org/ms 256ms (cache miss)
347 silly packumentCache full:https://registry.npmjs.org/ms set size:undefined disposed:false
348 http fetch GET 200 https://registry.npmjs.org/negotiator 384ms (cache miss)
349 silly packumentCache full:https://registry.npmjs.org/negotiator set size:undefined disposed:false
350 http fetch GET 200 https://registry.npmjs.org/ee-first 404ms (cache miss)
351 silly packumentCache full:https://registry.npmjs.org/ee-first set size:undefined disposed:false
352 http fetch GET 200 https://registry.npmjs.org/destroy 404ms (cache miss)
353 silly packumentCache full:https://registry.npmjs.org/destroy set size:undefined disposed:false
354 http fetch GET 200 https://registry.npmjs.org/mime-types 406ms (cache miss)
355 silly packumentCache full:https://registry.npmjs.org/mime-types set size:undefined disposed:false
356 http fetch GET 200 https://registry.npmjs.org/media-typer 379ms (cache miss)
357 silly packumentCache full:https://registry.npmjs.org/media-typer set size:undefined disposed:false
358 http fetch GET 200 https://registry.npmjs.org/ms 423ms (cache miss)
359 silly packumentCache full:https://registry.npmjs.org/ms set size:undefined disposed:false
360 http fetch GET 200 https://registry.npmjs.org/mime 559ms (cache miss)
361 silly packumentCache full:https://registry.npmjs.org/mime set size:undefined disposed:false
362 http fetch GET 200 https://registry.npmjs.org/destroy 745ms (cache miss)
363 silly packumentCache full:https://registry.npmjs.org/destroy set size:undefined disposed:false
364 http fetch GET 200 https://registry.npmjs.org/toidentifier 996ms (cache miss)
365 silly packumentCache full:https://registry.npmjs.org/toidentifier set size:undefined disposed:false
366 http fetch GET 200 https://registry.npmjs.org/forwarded 1029ms (cache miss)
367 silly packumentCache full:https://registry.npmjs.org/forwarded set size:undefined disposed:false
368 silly placeDep ROOT mime-types@2.1.35 OK for: accepts@1.3.8 want: ~2.1.34
369 silly placeDep ROOT negotiator@0.6.3 OK for: accepts@1.3.8 want: 0.6.3
370 silly fetch manifest mime-db@1.52.0
371 silly packumentCache full:https://registry.npmjs.org/mime-db cache-miss
372 http fetch GET 200 https://registry.npmjs.org/mime-db 555ms (cache miss)
373 silly packumentCache full:https://registry.npmjs.org/mime-db set size:undefined disposed:false
374 silly placeDep ROOT bytes@3.1.2 OK for: body-parser@1.20.3 want: 3.1.2
375 silly placeDep ROOT destroy@1.2.0 OK for: body-parser@1.20.3 want: 1.2.0
376 silly placeDep ROOT iconv-lite@0.4.24 OK for: body-parser@1.20.3 want: 0.4.24
377 silly placeDep ROOT raw-body@2.5.2 OK for: body-parser@1.20.3 want: 2.5.2
378 silly placeDep ROOT unpipe@1.0.0 OK for: body-parser@1.20.3 want: 1.0.0
379 silly fetch manifest safer-buffer@>= 2.1.2 < 3
380 silly packumentCache full:https://registry.npmjs.org/safer-buffer cache-miss
381 http fetch GET 200 https://registry.npmjs.org/safer-buffer 202ms (cache miss)
382 silly packumentCache full:https://registry.npmjs.org/safer-buffer set size:undefined disposed:false
383 silly placeDep ROOT ms@2.0.0 OK for: debug@2.6.9 want: 2.0.0
384 silly placeDep ROOT inherits@2.0.4 OK for: http-errors@2.0.0 want: 2.0.4
385 silly placeDep ROOT toidentifier@1.0.1 OK for: http-errors@2.0.0 want: 1.0.1
386 silly placeDep ROOT safer-buffer@2.1.2 OK for: iconv-lite@0.4.24 want: >= 2.1.2 < 3
387 silly placeDep ROOT mime-db@1.52.0 OK for: mime-types@2.1.35 want: 1.52.0
388 silly placeDep ROOT aws-ssl-profiles@1.1.2 OK for: mysql2@3.14.3 want: ^1.1.1
389 silly placeDep ROOT denque@2.1.0 OK for: mysql2@3.14.3 want: ^2.1.0
390 silly placeDep ROOT generate-function@2.3.1 OK for: mysql2@3.14.3 want: ^2.3.1
391 silly placeDep node_modules/mysql2 iconv-lite@0.6.3 OK for: mysql2@3.14.3 want: ^0.6.3
392 silly placeDep ROOT long@5.3.2 OK for: mysql2@3.14.3 want: ^5.2.1
393 silly placeDep ROOT lru.min@1.1.2 OK for: mysql2@3.14.3 want: ^1.0.0
394 silly placeDep ROOT named-placeholders@1.1.3 OK for: mysql2@3.14.3 want: ^1.1.3
395 silly placeDep ROOT seq-queue@0.0.5 OK for: mysql2@3.14.3 want: ^0.0.5
396 silly placeDep ROOT sqlstring@2.3.3 OK for: mysql2@3.14.3 want: ^2.3.2
397 silly fetch manifest is-property@^1.0.2
398 silly packumentCache full:https://registry.npmjs.org/is-property cache-miss
399 silly fetch manifest lru-cache@^7.14.1
400 silly packumentCache full:https://registry.npmjs.org/lru-cache cache-miss
401 http fetch GET 200 https://registry.npmjs.org/is-property 196ms (cache miss)
402 silly packumentCache full:https://registry.npmjs.org/is-property set size:undefined disposed:false
403 http fetch GET 200 https://registry.npmjs.org/lru-cache 310ms (cache miss)
404 silly packumentCache full:https://registry.npmjs.org/lru-cache set size:undefined disposed:false
405 silly placeDep ROOT is-property@1.0.2 OK for: generate-function@2.3.1 want: ^1.0.2
406 silly placeDep ROOT lru-cache@7.18.3 OK for: named-placeholders@1.1.3 want: ^7.14.1
407 silly placeDep ROOT chokidar@3.6.0 OK for: nodemon@2.0.22 want: ^3.5.2
408 silly placeDep node_modules/nodemon debug@3.2.7 OK for: nodemon@2.0.22 want: ^3.2.7
409 silly placeDep ROOT ignore-by-default@1.0.1 OK for: nodemon@2.0.22 want: ^1.0.1
410 silly placeDep ROOT minimatch@3.1.2 OK for: nodemon@2.0.22 want: ^3.1.2
411 silly placeDep ROOT pstree.remy@1.1.8 OK for: nodemon@2.0.22 want: ^1.1.8
412 silly placeDep ROOT semver@5.7.2 OK for: nodemon@2.0.22 want: ^5.7.1
413 silly placeDep ROOT simple-update-notifier@1.1.0 OK for: nodemon@2.0.22 want: ^1.0.7
414 silly placeDep ROOT supports-color@5.5.0 OK for: nodemon@2.0.22 want: ^5.5.0
415 silly placeDep ROOT touch@3.1.1 OK for: nodemon@2.0.22 want: ^3.1.0
416 silly placeDep ROOT undefsafe@2.0.5 OK for: nodemon@2.0.22 want: ^2.0.5
417 silly fetch manifest braces@~3.0.2
418 silly packumentCache full:https://registry.npmjs.org/braces cache-miss
419 silly fetch manifest is-glob@~4.0.1
420 silly packumentCache full:https://registry.npmjs.org/is-glob cache-miss
421 silly fetch manifest anymatch@~3.1.2
422 silly packumentCache full:https://registry.npmjs.org/anymatch cache-miss
423 silly fetch manifest readdirp@~3.6.0
424 silly packumentCache full:https://registry.npmjs.org/readdirp cache-miss
425 silly fetch manifest glob-parent@~5.1.2
426 silly packumentCache full:https://registry.npmjs.org/glob-parent cache-miss
427 silly fetch manifest is-binary-path@~2.1.0
428 silly packumentCache full:https://registry.npmjs.org/is-binary-path cache-miss
429 silly fetch manifest normalize-path@~3.0.0
430 silly packumentCache full:https://registry.npmjs.org/normalize-path cache-miss
431 silly fetch manifest fsevents@~2.3.2
432 silly packumentCache full:https://registry.npmjs.org/fsevents cache-miss
433 silly fetch manifest ms@^2.1.1
434 silly packumentCache full:https://registry.npmjs.org/ms cache-miss
435 silly fetch manifest brace-expansion@^1.1.7
436 silly packumentCache full:https://registry.npmjs.org/brace-expansion cache-miss
437 silly fetch manifest semver@~7.0.0
438 silly packumentCache full:https://registry.npmjs.org/semver cache-miss
439 silly fetch manifest has-flag@^3.0.0
440 silly packumentCache full:https://registry.npmjs.org/has-flag cache-miss
441 http cache https://registry.npmjs.org/semver 27ms (cache hit)
442 silly packumentCache full:https://registry.npmjs.org/semver set size:224186 disposed:false
443 http cache https://registry.npmjs.org/ms 33ms (cache hit)
444 silly packumentCache full:https://registry.npmjs.org/ms set size:84883 disposed:false
445 http fetch GET 200 https://registry.npmjs.org/is-binary-path 193ms (cache miss)
446 silly packumentCache full:https://registry.npmjs.org/is-binary-path set size:undefined disposed:false
447 http fetch GET 200 https://registry.npmjs.org/has-flag 210ms (cache miss)
448 silly packumentCache full:https://registry.npmjs.org/has-flag set size:undefined disposed:false
449 http fetch GET 200 https://registry.npmjs.org/anymatch 214ms (cache miss)
450 silly packumentCache full:https://registry.npmjs.org/anymatch set size:undefined disposed:false
451 http fetch GET 200 https://registry.npmjs.org/braces 285ms (cache miss)
452 silly packumentCache full:https://registry.npmjs.org/braces set size:undefined disposed:false
453 http fetch GET 200 https://registry.npmjs.org/is-glob 369ms (cache miss)
454 silly packumentCache full:https://registry.npmjs.org/is-glob set size:undefined disposed:false
455 http fetch GET 200 https://registry.npmjs.org/readdirp 396ms (cache miss)
456 silly packumentCache full:https://registry.npmjs.org/readdirp set size:undefined disposed:false
457 http fetch GET 200 https://registry.npmjs.org/brace-expansion 397ms (cache miss)
458 silly packumentCache full:https://registry.npmjs.org/brace-expansion set size:undefined disposed:false
459 http fetch GET 200 https://registry.npmjs.org/fsevents 403ms (cache miss)
460 silly packumentCache full:https://registry.npmjs.org/fsevents set size:undefined disposed:false
461 http fetch GET 200 https://registry.npmjs.org/glob-parent 425ms (cache miss)
462 silly packumentCache full:https://registry.npmjs.org/glob-parent set size:undefined disposed:false
463 http fetch GET 200 https://registry.npmjs.org/normalize-path 1699ms (cache miss)
464 silly packumentCache full:https://registry.npmjs.org/normalize-path set size:undefined disposed:false
465 silly placeDep ROOT anymatch@3.1.3 OK for: chokidar@3.6.0 want: ~3.1.2
466 silly placeDep ROOT braces@3.0.3 OK for: chokidar@3.6.0 want: ~3.0.2
467 silly placeDep ROOT fsevents@2.3.3 OK for: chokidar@3.6.0 want: ~2.3.2
468 silly placeDep ROOT glob-parent@5.1.2 OK for: chokidar@3.6.0 want: ~5.1.2
469 silly placeDep ROOT is-binary-path@2.1.0 OK for: chokidar@3.6.0 want: ~2.1.0
470 silly placeDep ROOT is-glob@4.0.3 OK for: chokidar@3.6.0 want: ~4.0.1
471 silly placeDep ROOT normalize-path@3.0.0 OK for: chokidar@3.6.0 want: ~3.0.0
472 silly placeDep ROOT readdirp@3.6.0 OK for: chokidar@3.6.0 want: ~3.6.0
473 silly fetch manifest picomatch@^2.0.4
474 silly packumentCache full:https://registry.npmjs.org/picomatch cache-miss
475 silly fetch manifest normalize-path@^3.0.0
476 silly packumentCache full:https://registry.npmjs.org/normalize-path cache-miss
477 silly fetch manifest fill-range@^7.1.1
478 silly packumentCache full:https://registry.npmjs.org/fill-range cache-miss
479 silly fetch manifest is-glob@^4.0.1
480 silly packumentCache full:https://registry.npmjs.org/is-glob cache-miss
481 silly fetch manifest binary-extensions@^2.0.0
482 silly packumentCache full:https://registry.npmjs.org/binary-extensions cache-miss
483 silly fetch manifest is-extglob@^2.1.1
484 silly packumentCache full:https://registry.npmjs.org/is-extglob cache-miss
485 silly fetch manifest picomatch@^2.2.1
486 silly packumentCache full:https://registry.npmjs.org/picomatch cache-miss
487 http cache https://registry.npmjs.org/normalize-path 15ms (cache hit)
488 silly packumentCache full:https://registry.npmjs.org/normalize-path set size:28713 disposed:false
489 http cache https://registry.npmjs.org/is-glob 15ms (cache hit)
490 silly packumentCache full:https://registry.npmjs.org/is-glob set size:40530 disposed:false
491 http fetch GET 200 https://registry.npmjs.org/is-extglob 219ms (cache miss)
492 silly packumentCache full:https://registry.npmjs.org/is-extglob set size:undefined disposed:false
493 http fetch GET 200 https://registry.npmjs.org/binary-extensions 223ms (cache miss)
494 silly packumentCache full:https://registry.npmjs.org/binary-extensions set size:undefined disposed:false
495 http fetch GET 200 https://registry.npmjs.org/fill-range 230ms (cache miss)
496 silly packumentCache full:https://registry.npmjs.org/fill-range set size:undefined disposed:false
497 http fetch GET 200 https://registry.npmjs.org/picomatch 273ms (cache miss)
498 silly packumentCache full:https://registry.npmjs.org/picomatch set size:undefined disposed:false
499 http fetch GET 200 https://registry.npmjs.org/picomatch 421ms (cache miss)
500 silly packumentCache full:https://registry.npmjs.org/picomatch set size:undefined disposed:false
501 silly placeDep ROOT picomatch@2.3.1 OK for: anymatch@3.1.3 want: ^2.0.4
502 silly placeDep ROOT fill-range@7.1.1 OK for: braces@3.0.3 want: ^7.1.1
503 silly fetch manifest to-regex-range@^5.0.1
504 silly packumentCache full:https://registry.npmjs.org/to-regex-range cache-miss
505 http fetch GET 200 https://registry.npmjs.org/to-regex-range 189ms (cache miss)
506 silly packumentCache full:https://registry.npmjs.org/to-regex-range set size:undefined disposed:false
507 silly placeDep ROOT to-regex-range@5.0.1 OK for: fill-range@7.1.1 want: ^5.0.1
508 silly fetch manifest is-number@^7.0.0
509 silly packumentCache full:https://registry.npmjs.org/is-number cache-miss
510 http fetch GET 200 https://registry.npmjs.org/is-number 825ms (cache miss)
511 silly packumentCache full:https://registry.npmjs.org/is-number set size:undefined disposed:false
512 silly placeDep ROOT binary-extensions@2.3.0 OK for: is-binary-path@2.1.0 want: ^2.0.0
513 silly placeDep ROOT is-extglob@2.1.1 OK for: is-glob@4.0.3 want: ^2.1.1
514 silly placeDep ROOT brace-expansion@1.1.12 OK for: minimatch@3.1.2 want: ^1.1.7
515 silly fetch manifest balanced-match@^1.0.0
516 silly packumentCache full:https://registry.npmjs.org/balanced-match cache-miss
517 silly fetch manifest concat-map@0.0.1
518 silly packumentCache full:https://registry.npmjs.org/concat-map cache-miss
519 http fetch GET 200 https://registry.npmjs.org/concat-map 393ms (cache miss)
520 silly packumentCache full:https://registry.npmjs.org/concat-map set size:undefined disposed:false
521 http fetch GET 200 https://registry.npmjs.org/balanced-match 396ms (cache miss)
522 silly packumentCache full:https://registry.npmjs.org/balanced-match set size:undefined disposed:false
523 silly placeDep ROOT balanced-match@1.0.2 OK for: brace-expansion@1.1.12 want: ^1.0.0
524 silly placeDep ROOT concat-map@0.0.1 OK for: brace-expansion@1.1.12 want: 0.0.1
525 silly placeDep ROOT ee-first@1.1.1 OK for: on-finished@2.4.1 want: 1.1.1
526 silly placeDep ROOT forwarded@0.2.0 OK for: proxy-addr@2.0.7 want: 0.2.0
527 silly placeDep ROOT ipaddr.js@1.9.1 OK for: proxy-addr@2.0.7 want: 1.9.1
528 silly placeDep ROOT side-channel@1.1.0 OK for: qs@6.13.0 want: ^1.0.6
529 silly fetch manifest es-errors@^1.3.0
530 silly packumentCache full:https://registry.npmjs.org/es-errors cache-miss
531 silly fetch manifest object-inspect@^1.13.3
532 silly packumentCache full:https://registry.npmjs.org/object-inspect cache-miss
533 silly fetch manifest side-channel-list@^1.0.0
534 silly packumentCache full:https://registry.npmjs.org/side-channel-list cache-miss
535 silly fetch manifest side-channel-map@^1.0.1
536 silly packumentCache full:https://registry.npmjs.org/side-channel-map cache-miss
537 silly fetch manifest side-channel-weakmap@^1.0.2
538 silly packumentCache full:https://registry.npmjs.org/side-channel-weakmap cache-miss
539 http fetch GET 200 https://registry.npmjs.org/es-errors 215ms (cache miss)
540 silly packumentCache full:https://registry.npmjs.org/es-errors set size:undefined disposed:false
541 http fetch GET 200 https://registry.npmjs.org/side-channel-list 216ms (cache miss)
542 silly packumentCache full:https://registry.npmjs.org/side-channel-list set size:undefined disposed:false
543 http fetch GET 200 https://registry.npmjs.org/side-channel-map 218ms (cache miss)
544 silly packumentCache full:https://registry.npmjs.org/side-channel-map set size:undefined disposed:false
545 http fetch GET 200 https://registry.npmjs.org/object-inspect 379ms (cache miss)
546 silly packumentCache full:https://registry.npmjs.org/object-inspect set size:undefined disposed:false
547 http fetch GET 200 https://registry.npmjs.org/side-channel-weakmap 432ms (cache miss)
548 silly packumentCache full:https://registry.npmjs.org/side-channel-weakmap set size:undefined disposed:false
549 silly placeDep node_modules/send encodeurl@1.0.2 OK for: send@0.19.0 want: ~1.0.2
550 silly placeDep ROOT mime@1.6.0 OK for: send@0.19.0 want: 1.6.0
551 silly placeDep node_modules/send ms@2.1.3 OK for: send@0.19.0 want: 2.1.3
552 silly placeDep ROOT es-errors@1.3.0 OK for: side-channel@1.1.0 want: ^1.3.0
553 silly placeDep ROOT object-inspect@1.13.4 OK for: side-channel@1.1.0 want: ^1.13.3
554 silly placeDep ROOT side-channel-list@1.0.0 OK for: side-channel@1.1.0 want: ^1.0.0
555 silly placeDep ROOT side-channel-map@1.0.1 OK for: side-channel@1.1.0 want: ^1.0.1
556 silly placeDep ROOT side-channel-weakmap@1.0.2 OK for: side-channel@1.1.0 want: ^1.0.2
557 silly fetch manifest call-bound@^1.0.2
558 silly packumentCache full:https://registry.npmjs.org/call-bound cache-miss
559 silly fetch manifest get-intrinsic@^1.2.5
560 silly packumentCache full:https://registry.npmjs.org/get-intrinsic cache-miss
561 silly fetch manifest call-bound@^1.0.2
562 silly packumentCache full:https://registry.npmjs.org/call-bound cache-miss
563 silly fetch manifest get-intrinsic@^1.2.5
564 silly packumentCache full:https://registry.npmjs.org/get-intrinsic cache-miss
565 http fetch GET 200 https://registry.npmjs.org/get-intrinsic 193ms (cache miss)
566 silly packumentCache full:https://registry.npmjs.org/get-intrinsic set size:undefined disposed:false
567 http fetch GET 200 https://registry.npmjs.org/get-intrinsic 207ms (cache miss)
568 silly packumentCache full:https://registry.npmjs.org/get-intrinsic set size:undefined disposed:false
569 http fetch GET 200 https://registry.npmjs.org/call-bound 209ms (cache miss)
570 silly packumentCache full:https://registry.npmjs.org/call-bound set size:undefined disposed:false
571 http fetch GET 200 https://registry.npmjs.org/call-bound 209ms (cache miss)
572 silly packumentCache full:https://registry.npmjs.org/call-bound set size:undefined disposed:false
573 silly placeDep ROOT call-bound@1.0.4 OK for: side-channel-map@1.0.1 want: ^1.0.2
574 silly placeDep ROOT get-intrinsic@1.3.0 OK for: side-channel-map@1.0.1 want: ^1.2.5
575 silly fetch manifest call-bind-apply-helpers@^1.0.2
576 silly packumentCache full:https://registry.npmjs.org/call-bind-apply-helpers cache-miss
577 silly fetch manifest get-intrinsic@^1.3.0
578 silly packumentCache full:https://registry.npmjs.org/get-intrinsic cache-miss
579 silly fetch manifest call-bind-apply-helpers@^1.0.2
580 silly packumentCache full:https://registry.npmjs.org/call-bind-apply-helpers cache-miss
581 silly fetch manifest es-define-property@^1.0.1
582 silly packumentCache full:https://registry.npmjs.org/es-define-property cache-miss
583 silly fetch manifest es-object-atoms@^1.1.1
584 silly packumentCache full:https://registry.npmjs.org/es-object-atoms cache-miss
585 silly fetch manifest function-bind@^1.1.2
586 silly packumentCache full:https://registry.npmjs.org/function-bind cache-miss
587 silly fetch manifest get-proto@^1.0.1
588 silly packumentCache full:https://registry.npmjs.org/get-proto cache-miss
589 silly fetch manifest gopd@^1.2.0
590 silly packumentCache full:https://registry.npmjs.org/gopd cache-miss
591 silly fetch manifest has-symbols@^1.1.0
592 silly packumentCache full:https://registry.npmjs.org/has-symbols cache-miss
593 silly fetch manifest hasown@^2.0.2
594 silly packumentCache full:https://registry.npmjs.org/hasown cache-miss
595 silly fetch manifest math-intrinsics@^1.1.0
596 silly packumentCache full:https://registry.npmjs.org/math-intrinsics cache-miss
597 http cache https://registry.npmjs.org/get-intrinsic 17ms (cache hit)
598 silly packumentCache full:https://registry.npmjs.org/get-intrinsic set size:57687 disposed:false
599 http fetch GET 200 https://registry.npmjs.org/es-define-property 203ms (cache miss)
600 silly packumentCache full:https://registry.npmjs.org/es-define-property set size:undefined disposed:false
601 http fetch GET 200 https://registry.npmjs.org/gopd 203ms (cache miss)
602 silly packumentCache full:https://registry.npmjs.org/gopd set size:undefined disposed:false
603 http fetch GET 200 https://registry.npmjs.org/function-bind 206ms (cache miss)
604 silly packumentCache full:https://registry.npmjs.org/function-bind set size:undefined disposed:false
605 http fetch GET 200 https://registry.npmjs.org/call-bind-apply-helpers 215ms (cache miss)
606 silly packumentCache full:https://registry.npmjs.org/call-bind-apply-helpers set size:undefined disposed:false
607 http fetch GET 200 https://registry.npmjs.org/has-symbols 215ms (cache miss)
608 silly packumentCache full:https://registry.npmjs.org/has-symbols set size:undefined disposed:false
609 http fetch GET 200 https://registry.npmjs.org/hasown 218ms (cache miss)
610 silly packumentCache full:https://registry.npmjs.org/hasown set size:undefined disposed:false
611 http fetch GET 200 https://registry.npmjs.org/call-bind-apply-helpers 224ms (cache miss)
612 silly packumentCache full:https://registry.npmjs.org/call-bind-apply-helpers set size:undefined disposed:false
613 http fetch GET 200 https://registry.npmjs.org/math-intrinsics 223ms (cache miss)
614 silly packumentCache full:https://registry.npmjs.org/math-intrinsics set size:undefined disposed:false
615 http fetch GET 200 https://registry.npmjs.org/get-proto 225ms (cache miss)
616 silly packumentCache full:https://registry.npmjs.org/get-proto set size:undefined disposed:false
617 http fetch GET 200 https://registry.npmjs.org/es-object-atoms 420ms (cache miss)
618 silly packumentCache full:https://registry.npmjs.org/es-object-atoms set size:undefined disposed:false
619 silly placeDep ROOT call-bind-apply-helpers@1.0.2 OK for: call-bound@1.0.4 want: ^1.0.2
620 silly placeDep ROOT function-bind@1.1.2 OK for: call-bind-apply-helpers@1.0.2 want: ^1.1.2
621 silly placeDep ROOT es-define-property@1.0.1 OK for: get-intrinsic@1.3.0 want: ^1.0.1
622 silly placeDep ROOT es-object-atoms@1.1.1 OK for: get-intrinsic@1.3.0 want: ^1.1.1
623 silly placeDep ROOT get-proto@1.0.1 OK for: get-intrinsic@1.3.0 want: ^1.0.1
624 silly placeDep ROOT gopd@1.2.0 OK for: get-intrinsic@1.3.0 want: ^1.2.0
625 silly placeDep ROOT has-symbols@1.1.0 OK for: get-intrinsic@1.3.0 want: ^1.1.0
626 silly placeDep ROOT hasown@2.0.2 OK for: get-intrinsic@1.3.0 want: ^2.0.2
627 silly placeDep ROOT math-intrinsics@1.1.0 OK for: get-intrinsic@1.3.0 want: ^1.1.0
628 silly fetch manifest dunder-proto@^1.0.1
629 silly packumentCache full:https://registry.npmjs.org/dunder-proto cache-miss
630 http fetch GET 200 https://registry.npmjs.org/dunder-proto 405ms (cache miss)
631 silly packumentCache full:https://registry.npmjs.org/dunder-proto set size:undefined disposed:false
632 silly placeDep ROOT dunder-proto@1.0.1 OK for: get-proto@1.0.1 want: ^1.0.1
633 silly placeDep node_modules/simple-update-notifier semver@7.0.0 OK for: simple-update-notifier@1.1.0 want: ~7.0.0
634 silly placeDep ROOT has-flag@3.0.0 OK for: supports-color@5.5.0 want: ^3.0.0
635 silly placeDep ROOT is-number@7.0.0 OK for: to-regex-range@5.0.1 want: ^7.0.0
636 silly placeDep ROOT media-typer@0.3.0 OK for: type-is@1.6.18 want: 0.3.0
637 silly placeDep node_modules/nodemon ms@2.1.3 OK for: debug@3.2.7 want: ^2.1.1
638 silly reify moves {}
639 silly audit bulk request {
639 silly audit   cors: [ '2.8.5' ],
639 silly audit   dotenv: [ '16.6.1' ],
639 silly audit   express: [ '4.21.2' ],
639 silly audit   mysql2: [ '3.14.3' ],
639 silly audit   nodemon: [ '2.0.22' ],
639 silly audit   'object-assign': [ '4.1.1' ],
639 silly audit   vary: [ '1.1.2' ],
639 silly audit   accepts: [ '1.3.8' ],
639 silly audit   'array-flatten': [ '1.1.1' ],
639 silly audit   'body-parser': [ '1.20.3' ],
639 silly audit   'content-disposition': [ '0.5.4' ],
639 silly audit   'content-type': [ '1.0.5' ],
639 silly audit   cookie: [ '0.7.1' ],
639 silly audit   'cookie-signature': [ '1.0.6' ],
639 silly audit   debug: [ '2.6.9', '3.2.7' ],
639 silly audit   depd: [ '2.0.0' ],
639 silly audit   encodeurl: [ '2.0.0', '1.0.2' ],
639 silly audit   'escape-html': [ '1.0.3' ],
639 silly audit   etag: [ '1.8.1' ],
639 silly audit   finalhandler: [ '1.3.1' ],
639 silly audit   fresh: [ '0.5.2' ],
639 silly audit   'http-errors': [ '2.0.0' ],
639 silly audit   'merge-descriptors': [ '1.0.3' ],
639 silly audit   methods: [ '1.1.2' ],
639 silly audit   'on-finished': [ '2.4.1' ],
639 silly audit   parseurl: [ '1.3.3' ],
639 silly audit   'path-to-regexp': [ '0.1.12' ],
639 silly audit   'proxy-addr': [ '2.0.7' ],
639 silly audit   qs: [ '6.13.0' ],
639 silly audit   'range-parser': [ '1.2.1' ],
639 silly audit   'safe-buffer': [ '5.2.1' ],
639 silly audit   send: [ '0.19.0' ],
639 silly audit   'serve-static': [ '1.16.2' ],
639 silly audit   setprototypeof: [ '1.2.0' ],
639 silly audit   statuses: [ '2.0.1' ],
639 silly audit   'type-is': [ '1.6.18' ],
639 silly audit   'utils-merge': [ '1.0.1' ],
639 silly audit   'mime-types': [ '2.1.35' ],
639 silly audit   negotiator: [ '0.6.3' ],
639 silly audit   bytes: [ '3.1.2' ],
639 silly audit   destroy: [ '1.2.0' ],
639 silly audit   'iconv-lite': [ '0.4.24', '0.6.3' ],
639 silly audit   'raw-body': [ '2.5.2' ],
639 silly audit   unpipe: [ '1.0.0' ],
639 silly audit   ms: [ '2.0.0', '2.1.3' ],
639 silly audit   inherits: [ '2.0.4' ],
639 silly audit   toidentifier: [ '1.0.1' ],
639 silly audit   'safer-buffer': [ '2.1.2' ],
639 silly audit   'mime-db': [ '1.52.0' ],
639 silly audit   'aws-ssl-profiles': [ '1.1.2' ],
639 silly audit   denque: [ '2.1.0' ],
639 silly audit   'generate-function': [ '2.3.1' ],
639 silly audit   long: [ '5.3.2' ],
639 silly audit   'lru.min': [ '1.1.2' ],
639 silly audit   'named-placeholders': [ '1.1.3' ],
639 silly audit   'seq-queue': [ '0.0.5' ],
639 silly audit   sqlstring: [ '2.3.3' ],
639 silly audit   'is-property': [ '1.0.2' ],
639 silly audit   'lru-cache': [ '7.18.3' ],
639 silly audit   chokidar: [ '3.6.0' ],
639 silly audit   'ignore-by-default': [ '1.0.1' ],
639 silly audit   minimatch: [ '3.1.2' ],
639 silly audit   'pstree.remy': [ '1.1.8' ],
639 silly audit   semver: [ '5.7.2', '7.0.0' ],
639 silly audit   'simple-update-notifier': [ '1.1.0' ],
639 silly audit   'supports-color': [ '5.5.0' ],
639 silly audit   touch: [ '3.1.1' ],
639 silly audit   undefsafe: [ '2.0.5' ],
639 silly audit   anymatch: [ '3.1.3' ],
639 silly audit   braces: [ '3.0.3' ],
639 silly audit   fsevents: [ '2.3.3' ],
639 silly audit   'glob-parent': [ '5.1.2' ],
639 silly audit   'is-binary-path': [ '2.1.0' ],
639 silly audit   'is-glob': [ '4.0.3' ],
639 silly audit   'normalize-path': [ '3.0.0' ],
639 silly audit   readdirp: [ '3.6.0' ],
639 silly audit   picomatch: [ '2.3.1' ],
639 silly audit   'fill-range': [ '7.1.1' ],
639 silly audit   'to-regex-range': [ '5.0.1' ],
639 silly audit   'binary-extensions': [ '2.3.0' ],
639 silly audit   'is-extglob': [ '2.1.1' ],
639 silly audit   'brace-expansion': [ '1.1.12' ],
639 silly audit   'balanced-match': [ '1.0.2' ],
639 silly audit   'concat-map': [ '0.0.1' ],
639 silly audit   'ee-first': [ '1.1.1' ],
639 silly audit   forwarded: [ '0.2.0' ],
639 silly audit   'ipaddr.js': [ '1.9.1' ],
639 silly audit   'side-channel': [ '1.1.0' ],
639 silly audit   mime: [ '1.6.0' ],
639 silly audit   'es-errors': [ '1.3.0' ],
639 silly audit   'object-inspect': [ '1.13.4' ],
639 silly audit   'side-channel-list': [ '1.0.0' ],
639 silly audit   'side-channel-map': [ '1.0.1' ],
639 silly audit   'side-channel-weakmap': [ '1.0.2' ],
639 silly audit   'call-bound': [ '1.0.4' ],
639 silly audit   'get-intrinsic': [ '1.3.0' ],
639 silly audit   'call-bind-apply-helpers': [ '1.0.2' ],
639 silly audit   'function-bind': [ '1.1.2' ],
639 silly audit   'es-define-property': [ '1.0.1' ],
639 silly audit   'es-object-atoms': [ '1.1.1' ],
639 silly audit   'get-proto': [ '1.0.1' ],
639 silly audit   gopd: [ '1.2.0' ],
639 silly audit   'has-symbols': [ '1.1.0' ],
639 silly audit   hasown: [ '2.0.2' ],
639 silly audit   'math-intrinsics': [ '1.1.0' ],
639 silly audit   'dunder-proto': [ '1.0.1' ],
639 silly audit   'has-flag': [ '3.0.0' ],
639 silly audit   'is-number': [ '7.0.0' ],
639 silly audit   'media-typer': [ '0.3.0' ]
639 silly audit }
640 verbose reify failed optional dependency D:\GitHub\fit-p\node_modules\fsevents
641 silly reify mark deleted [ 'D:\\GitHub\\fit-p\\node_modules\\fsevents' ]
642 http cache media-typer@https://registry.npmjs.org/media-typer/-/media-typer-0.3.0.tgz 0ms (cache hit)
643 http cache math-intrinsics@https://registry.npmjs.org/math-intrinsics/-/math-intrinsics-1.1.0.tgz 0ms (cache hit)
644 http cache has-flag@https://registry.npmjs.org/has-flag/-/has-flag-3.0.0.tgz 0ms (cache hit)
645 http cache hasown@https://registry.npmjs.org/hasown/-/hasown-2.0.2.tgz 0ms (cache hit)
646 http cache is-number@https://registry.npmjs.org/is-number/-/is-number-7.0.0.tgz 0ms (cache hit)
647 http cache dunder-proto@https://registry.npmjs.org/dunder-proto/-/dunder-proto-1.0.1.tgz 0ms (cache hit)
648 http cache has-symbols@https://registry.npmjs.org/has-symbols/-/has-symbols-1.1.0.tgz 0ms (cache hit)
649 http cache get-proto@https://registry.npmjs.org/get-proto/-/get-proto-1.0.1.tgz 0ms (cache hit)
650 http cache es-define-property@https://registry.npmjs.org/es-define-property/-/es-define-property-1.0.1.tgz 0ms (cache hit)
651 http cache gopd@https://registry.npmjs.org/gopd/-/gopd-1.2.0.tgz 0ms (cache hit)
652 http cache es-object-atoms@https://registry.npmjs.org/es-object-atoms/-/es-object-atoms-1.1.1.tgz 0ms (cache hit)
653 http cache function-bind@https://registry.npmjs.org/function-bind/-/function-bind-1.1.2.tgz 0ms (cache hit)
654 http cache side-channel-weakmap@https://registry.npmjs.org/side-channel-weakmap/-/side-channel-weakmap-1.0.2.tgz 0ms (cache hit)
655 http cache call-bound@https://registry.npmjs.org/call-bound/-/call-bound-1.0.4.tgz 0ms (cache hit)
656 http cache get-intrinsic@https://registry.npmjs.org/get-intrinsic/-/get-intrinsic-1.3.0.tgz 0ms (cache hit)
657 http cache call-bind-apply-helpers@https://registry.npmjs.org/call-bind-apply-helpers/-/call-bind-apply-helpers-1.0.2.tgz 0ms (cache hit)
658 http cache side-channel-map@https://registry.npmjs.org/side-channel-map/-/side-channel-map-1.0.1.tgz 0ms (cache hit)
659 http cache side-channel-list@https://registry.npmjs.org/side-channel-list/-/side-channel-list-1.0.0.tgz 0ms (cache hit)
660 http cache mime@https://registry.npmjs.org/mime/-/mime-1.6.0.tgz 0ms (cache hit)
661 http cache es-errors@https://registry.npmjs.org/es-errors/-/es-errors-1.3.0.tgz 0ms (cache hit)
662 http cache ee-first@https://registry.npmjs.org/ee-first/-/ee-first-1.1.1.tgz 0ms (cache hit)
663 http cache concat-map@https://registry.npmjs.org/concat-map/-/concat-map-0.0.1.tgz 0ms (cache hit)
664 http cache ipaddr.js@https://registry.npmjs.org/ipaddr.js/-/ipaddr.js-1.9.1.tgz 0ms (cache hit)
665 http cache forwarded@https://registry.npmjs.org/forwarded/-/forwarded-0.2.0.tgz 0ms (cache hit)
666 http cache side-channel@https://registry.npmjs.org/side-channel/-/side-channel-1.1.0.tgz 0ms (cache hit)
667 http cache balanced-match@https://registry.npmjs.org/balanced-match/-/balanced-match-1.0.2.tgz 0ms (cache hit)
668 http cache object-inspect@https://registry.npmjs.org/object-inspect/-/object-inspect-1.13.4.tgz 0ms (cache hit)
669 http cache brace-expansion@https://registry.npmjs.org/brace-expansion/-/brace-expansion-1.1.12.tgz 0ms (cache hit)
670 http cache is-extglob@https://registry.npmjs.org/is-extglob/-/is-extglob-2.1.1.tgz 0ms (cache hit)
671 http cache binary-extensions@https://registry.npmjs.org/binary-extensions/-/binary-extensions-2.3.0.tgz 0ms (cache hit)
672 http cache to-regex-range@https://registry.npmjs.org/to-regex-range/-/to-regex-range-5.0.1.tgz 0ms (cache hit)
673 http cache picomatch@https://registry.npmjs.org/picomatch/-/picomatch-2.3.1.tgz 0ms (cache hit)
674 http cache fill-range@https://registry.npmjs.org/fill-range/-/fill-range-7.1.1.tgz 0ms (cache hit)
675 http cache normalize-path@https://registry.npmjs.org/normalize-path/-/normalize-path-3.0.0.tgz 0ms (cache hit)
676 http cache is-glob@https://registry.npmjs.org/is-glob/-/is-glob-4.0.3.tgz 0ms (cache hit)
677 http cache readdirp@https://registry.npmjs.org/readdirp/-/readdirp-3.6.0.tgz 0ms (cache hit)
678 http cache is-binary-path@https://registry.npmjs.org/is-binary-path/-/is-binary-path-2.1.0.tgz 0ms (cache hit)
679 http cache braces@https://registry.npmjs.org/braces/-/braces-3.0.3.tgz 0ms (cache hit)
680 http cache anymatch@https://registry.npmjs.org/anymatch/-/anymatch-3.1.3.tgz 0ms (cache hit)
681 http cache glob-parent@https://registry.npmjs.org/glob-parent/-/glob-parent-5.1.2.tgz 0ms (cache hit)
682 http cache touch@https://registry.npmjs.org/touch/-/touch-3.1.1.tgz 0ms (cache hit)
683 http cache undefsafe@https://registry.npmjs.org/undefsafe/-/undefsafe-2.0.5.tgz 0ms (cache hit)
684 http cache simple-update-notifier@https://registry.npmjs.org/simple-update-notifier/-/simple-update-notifier-1.1.0.tgz 0ms (cache hit)
685 http cache supports-color@https://registry.npmjs.org/supports-color/-/supports-color-5.5.0.tgz 0ms (cache hit)
686 http cache semver@https://registry.npmjs.org/semver/-/semver-5.7.2.tgz 0ms (cache hit)
687 http cache pstree.remy@https://registry.npmjs.org/pstree.remy/-/pstree.remy-1.1.8.tgz 0ms (cache hit)
688 http cache lru-cache@https://registry.npmjs.org/lru-cache/-/lru-cache-7.18.3.tgz 0ms (cache hit)
689 http cache chokidar@https://registry.npmjs.org/chokidar/-/chokidar-3.6.0.tgz 0ms (cache hit)
690 http cache minimatch@https://registry.npmjs.org/minimatch/-/minimatch-3.1.2.tgz 0ms (cache hit)
691 http cache is-property@https://registry.npmjs.org/is-property/-/is-property-1.0.2.tgz 0ms (cache hit)
692 http cache sqlstring@https://registry.npmjs.org/sqlstring/-/sqlstring-2.3.3.tgz 0ms (cache hit)
693 http cache ignore-by-default@https://registry.npmjs.org/ignore-by-default/-/ignore-by-default-1.0.1.tgz 0ms (cache hit)
694 http cache lru.min@https://registry.npmjs.org/lru.min/-/lru.min-1.1.2.tgz 0ms (cache hit)
695 http cache long@https://registry.npmjs.org/long/-/long-5.3.2.tgz 0ms (cache hit)
696 http cache named-placeholders@https://registry.npmjs.org/named-placeholders/-/named-placeholders-1.1.3.tgz 0ms (cache hit)
697 http cache generate-function@https://registry.npmjs.org/generate-function/-/generate-function-2.3.1.tgz 0ms (cache hit)
698 http cache aws-ssl-profiles@https://registry.npmjs.org/aws-ssl-profiles/-/aws-ssl-profiles-1.1.2.tgz 0ms (cache hit)
699 http cache denque@https://registry.npmjs.org/denque/-/denque-2.1.0.tgz 0ms (cache hit)
700 http cache seq-queue@https://registry.npmjs.org/seq-queue/-/seq-queue-0.0.5.tgz 0ms (cache hit)
701 http cache safer-buffer@https://registry.npmjs.org/safer-buffer/-/safer-buffer-2.1.2.tgz 0ms (cache hit)
702 http cache toidentifier@https://registry.npmjs.org/toidentifier/-/toidentifier-1.0.1.tgz 0ms (cache hit)
703 http cache unpipe@https://registry.npmjs.org/unpipe/-/unpipe-1.0.0.tgz 0ms (cache hit)
704 http cache mime-db@https://registry.npmjs.org/mime-db/-/mime-db-1.52.0.tgz 0ms (cache hit)
705 http cache inherits@https://registry.npmjs.org/inherits/-/inherits-2.0.4.tgz 0ms (cache hit)
706 http cache iconv-lite@https://registry.npmjs.org/iconv-lite/-/iconv-lite-0.4.24.tgz 0ms (cache hit)
707 http cache raw-body@https://registry.npmjs.org/raw-body/-/raw-body-2.5.2.tgz 0ms (cache hit)
708 http cache bytes@https://registry.npmjs.org/bytes/-/bytes-3.1.2.tgz 0ms (cache hit)
709 http cache ms@https://registry.npmjs.org/ms/-/ms-2.0.0.tgz 0ms (cache hit)
710 http cache negotiator@https://registry.npmjs.org/negotiator/-/negotiator-0.6.3.tgz 0ms (cache hit)
711 http cache utils-merge@https://registry.npmjs.org/utils-merge/-/utils-merge-1.0.1.tgz 0ms (cache hit)
712 http cache mime-types@https://registry.npmjs.org/mime-types/-/mime-types-2.1.35.tgz 0ms (cache hit)
713 http cache statuses@https://registry.npmjs.org/statuses/-/statuses-2.0.1.tgz 0ms (cache hit)
714 http cache destroy@https://registry.npmjs.org/destroy/-/destroy-1.2.0.tgz 0ms (cache hit)
715 http cache type-is@https://registry.npmjs.org/type-is/-/type-is-1.6.18.tgz 0ms (cache hit)
716 http cache serve-static@https://registry.npmjs.org/serve-static/-/serve-static-1.16.2.tgz 0ms (cache hit)
717 http cache safe-buffer@https://registry.npmjs.org/safe-buffer/-/safe-buffer-5.2.1.tgz 0ms (cache hit)
718 http cache send@https://registry.npmjs.org/send/-/send-0.19.0.tgz 0ms (cache hit)
719 http cache setprototypeof@https://registry.npmjs.org/setprototypeof/-/setprototypeof-1.2.0.tgz 0ms (cache hit)
720 http cache range-parser@https://registry.npmjs.org/range-parser/-/range-parser-1.2.1.tgz 0ms (cache hit)
721 http cache proxy-addr@https://registry.npmjs.org/proxy-addr/-/proxy-addr-2.0.7.tgz 0ms (cache hit)
722 http cache path-to-regexp@https://registry.npmjs.org/path-to-regexp/-/path-to-regexp-0.1.12.tgz 0ms (cache hit)
723 http cache on-finished@https://registry.npmjs.org/on-finished/-/on-finished-2.4.1.tgz 0ms (cache hit)
724 http cache qs@https://registry.npmjs.org/qs/-/qs-6.13.0.tgz 0ms (cache hit)
725 http cache methods@https://registry.npmjs.org/methods/-/methods-1.1.2.tgz 0ms (cache hit)
726 http cache http-errors@https://registry.npmjs.org/http-errors/-/http-errors-2.0.0.tgz 0ms (cache hit)
727 http cache merge-descriptors@https://registry.npmjs.org/merge-descriptors/-/merge-descriptors-1.0.3.tgz 0ms (cache hit)
728 http cache fresh@https://registry.npmjs.org/fresh/-/fresh-0.5.2.tgz 0ms (cache hit)
729 http cache etag@https://registry.npmjs.org/etag/-/etag-1.8.1.tgz 0ms (cache hit)
730 http cache escape-html@https://registry.npmjs.org/escape-html/-/escape-html-1.0.3.tgz 0ms (cache hit)
731 http cache finalhandler@https://registry.npmjs.org/finalhandler/-/finalhandler-1.3.1.tgz 0ms (cache hit)
732 http cache encodeurl@https://registry.npmjs.org/encodeurl/-/encodeurl-2.0.0.tgz 0ms (cache hit)
733 http cache depd@https://registry.npmjs.org/depd/-/depd-2.0.0.tgz 0ms (cache hit)
734 http cache parseurl@https://registry.npmjs.org/parseurl/-/parseurl-1.3.3.tgz 0ms (cache hit)
735 http cache content-type@https://registry.npmjs.org/content-type/-/content-type-1.0.5.tgz 0ms (cache hit)
736 http cache cookie-signature@https://registry.npmjs.org/cookie-signature/-/cookie-signature-1.0.6.tgz 0ms (cache hit)
737 http cache content-disposition@https://registry.npmjs.org/content-disposition/-/content-disposition-0.5.4.tgz 0ms (cache hit)
738 http cache array-flatten@https://registry.npmjs.org/array-flatten/-/array-flatten-1.1.1.tgz 0ms (cache hit)
739 http cache cookie@https://registry.npmjs.org/cookie/-/cookie-0.7.1.tgz 0ms (cache hit)
740 http cache debug@https://registry.npmjs.org/debug/-/debug-2.6.9.tgz 0ms (cache hit)
741 http cache accepts@https://registry.npmjs.org/accepts/-/accepts-1.3.8.tgz 0ms (cache hit)
742 http cache body-parser@https://registry.npmjs.org/body-parser/-/body-parser-1.20.3.tgz 0ms (cache hit)
743 http cache vary@https://registry.npmjs.org/vary/-/vary-1.1.2.tgz 0ms (cache hit)
744 http cache nodemon@https://registry.npmjs.org/nodemon/-/nodemon-2.0.22.tgz 0ms (cache hit)
745 http cache object-assign@https://registry.npmjs.org/object-assign/-/object-assign-4.1.1.tgz 0ms (cache hit)
746 http cache semver@https://registry.npmjs.org/semver/-/semver-7.0.0.tgz 0ms (cache hit)
747 http cache mysql2@https://registry.npmjs.org/mysql2/-/mysql2-3.14.3.tgz 0ms (cache hit)
748 http cache express@https://registry.npmjs.org/express/-/express-4.21.2.tgz 0ms (cache hit)
749 http cache encodeurl@https://registry.npmjs.org/encodeurl/-/encodeurl-1.0.2.tgz 0ms (cache hit)
750 http cache ms@https://registry.npmjs.org/ms/-/ms-2.1.3.tgz 0ms (cache hit)
751 http cache debug@https://registry.npmjs.org/debug/-/debug-3.2.7.tgz 0ms (cache hit)
752 http cache ms@https://registry.npmjs.org/ms/-/ms-2.1.3.tgz 0ms (cache hit)
753 http cache dotenv@https://registry.npmjs.org/dotenv/-/dotenv-16.6.1.tgz 0ms (cache hit)
754 http cache iconv-lite@https://registry.npmjs.org/iconv-lite/-/iconv-lite-0.6.3.tgz 0ms (cache hit)
755 silly tarball no local data for media-typer@https://registry.npmjs.org/media-typer/-/media-typer-0.3.0.tgz. Extracting by manifest.
756 silly tarball no local data for math-intrinsics@https://registry.npmjs.org/math-intrinsics/-/math-intrinsics-1.1.0.tgz. Extracting by manifest.
757 silly tarball no local data for has-flag@https://registry.npmjs.org/has-flag/-/has-flag-3.0.0.tgz. Extracting by manifest.
758 silly tarball no local data for hasown@https://registry.npmjs.org/hasown/-/hasown-2.0.2.tgz. Extracting by manifest.
759 silly tarball no local data for is-number@https://registry.npmjs.org/is-number/-/is-number-7.0.0.tgz. Extracting by manifest.
760 silly tarball no local data for dunder-proto@https://registry.npmjs.org/dunder-proto/-/dunder-proto-1.0.1.tgz. Extracting by manifest.
761 silly tarball no local data for has-symbols@https://registry.npmjs.org/has-symbols/-/has-symbols-1.1.0.tgz. Extracting by manifest.
762 silly tarball no local data for get-proto@https://registry.npmjs.org/get-proto/-/get-proto-1.0.1.tgz. Extracting by manifest.
763 silly tarball no local data for es-define-property@https://registry.npmjs.org/es-define-property/-/es-define-property-1.0.1.tgz. Extracting by manifest.
764 silly tarball no local data for gopd@https://registry.npmjs.org/gopd/-/gopd-1.2.0.tgz. Extracting by manifest.
765 silly tarball no local data for es-object-atoms@https://registry.npmjs.org/es-object-atoms/-/es-object-atoms-1.1.1.tgz. Extracting by manifest.
766 silly tarball no local data for function-bind@https://registry.npmjs.org/function-bind/-/function-bind-1.1.2.tgz. Extracting by manifest.
767 silly tarball no local data for side-channel-weakmap@https://registry.npmjs.org/side-channel-weakmap/-/side-channel-weakmap-1.0.2.tgz. Extracting by manifest.
768 silly tarball no local data for call-bound@https://registry.npmjs.org/call-bound/-/call-bound-1.0.4.tgz. Extracting by manifest.
769 silly tarball no local data for get-intrinsic@https://registry.npmjs.org/get-intrinsic/-/get-intrinsic-1.3.0.tgz. Extracting by manifest.
770 silly tarball no local data for call-bind-apply-helpers@https://registry.npmjs.org/call-bind-apply-helpers/-/call-bind-apply-helpers-1.0.2.tgz. Extracting by manifest.
771 silly tarball no local data for side-channel-map@https://registry.npmjs.org/side-channel-map/-/side-channel-map-1.0.1.tgz. Extracting by manifest.
772 silly tarball no local data for side-channel-list@https://registry.npmjs.org/side-channel-list/-/side-channel-list-1.0.0.tgz. Extracting by manifest.
773 silly tarball no local data for mime@https://registry.npmjs.org/mime/-/mime-1.6.0.tgz. Extracting by manifest.
774 silly tarball no local data for es-errors@https://registry.npmjs.org/es-errors/-/es-errors-1.3.0.tgz. Extracting by manifest.
775 silly tarball no local data for ee-first@https://registry.npmjs.org/ee-first/-/ee-first-1.1.1.tgz. Extracting by manifest.
776 silly tarball no local data for concat-map@https://registry.npmjs.org/concat-map/-/concat-map-0.0.1.tgz. Extracting by manifest.
777 silly tarball no local data for ipaddr.js@https://registry.npmjs.org/ipaddr.js/-/ipaddr.js-1.9.1.tgz. Extracting by manifest.
778 silly tarball no local data for forwarded@https://registry.npmjs.org/forwarded/-/forwarded-0.2.0.tgz. Extracting by manifest.
779 silly tarball no local data for side-channel@https://registry.npmjs.org/side-channel/-/side-channel-1.1.0.tgz. Extracting by manifest.
780 silly tarball no local data for balanced-match@https://registry.npmjs.org/balanced-match/-/balanced-match-1.0.2.tgz. Extracting by manifest.
781 silly tarball no local data for object-inspect@https://registry.npmjs.org/object-inspect/-/object-inspect-1.13.4.tgz. Extracting by manifest.
782 silly tarball no local data for brace-expansion@https://registry.npmjs.org/brace-expansion/-/brace-expansion-1.1.12.tgz. Extracting by manifest.
783 silly tarball no local data for is-extglob@https://registry.npmjs.org/is-extglob/-/is-extglob-2.1.1.tgz. Extracting by manifest.
784 silly tarball no local data for binary-extensions@https://registry.npmjs.org/binary-extensions/-/binary-extensions-2.3.0.tgz. Extracting by manifest.
785 silly tarball no local data for to-regex-range@https://registry.npmjs.org/to-regex-range/-/to-regex-range-5.0.1.tgz. Extracting by manifest.
786 silly tarball no local data for picomatch@https://registry.npmjs.org/picomatch/-/picomatch-2.3.1.tgz. Extracting by manifest.
787 silly tarball no local data for fill-range@https://registry.npmjs.org/fill-range/-/fill-range-7.1.1.tgz. Extracting by manifest.
788 silly tarball no local data for normalize-path@https://registry.npmjs.org/normalize-path/-/normalize-path-3.0.0.tgz. Extracting by manifest.
789 silly tarball no local data for is-glob@https://registry.npmjs.org/is-glob/-/is-glob-4.0.3.tgz. Extracting by manifest.
790 silly tarball no local data for readdirp@https://registry.npmjs.org/readdirp/-/readdirp-3.6.0.tgz. Extracting by manifest.
791 silly tarball no local data for is-binary-path@https://registry.npmjs.org/is-binary-path/-/is-binary-path-2.1.0.tgz. Extracting by manifest.
792 silly tarball no local data for braces@https://registry.npmjs.org/braces/-/braces-3.0.3.tgz. Extracting by manifest.
793 silly tarball no local data for anymatch@https://registry.npmjs.org/anymatch/-/anymatch-3.1.3.tgz. Extracting by manifest.
794 silly tarball no local data for glob-parent@https://registry.npmjs.org/glob-parent/-/glob-parent-5.1.2.tgz. Extracting by manifest.
795 silly tarball no local data for touch@https://registry.npmjs.org/touch/-/touch-3.1.1.tgz. Extracting by manifest.
796 silly tarball no local data for undefsafe@https://registry.npmjs.org/undefsafe/-/undefsafe-2.0.5.tgz. Extracting by manifest.
797 silly tarball no local data for simple-update-notifier@https://registry.npmjs.org/simple-update-notifier/-/simple-update-notifier-1.1.0.tgz. Extracting by manifest.
798 silly tarball no local data for supports-color@https://registry.npmjs.org/supports-color/-/supports-color-5.5.0.tgz. Extracting by manifest.
799 silly tarball no local data for semver@https://registry.npmjs.org/semver/-/semver-5.7.2.tgz. Extracting by manifest.
800 silly tarball no local data for pstree.remy@https://registry.npmjs.org/pstree.remy/-/pstree.remy-1.1.8.tgz. Extracting by manifest.
801 silly tarball no local data for lru-cache@https://registry.npmjs.org/lru-cache/-/lru-cache-7.18.3.tgz. Extracting by manifest.
802 silly tarball no local data for chokidar@https://registry.npmjs.org/chokidar/-/chokidar-3.6.0.tgz. Extracting by manifest.
803 silly tarball no local data for minimatch@https://registry.npmjs.org/minimatch/-/minimatch-3.1.2.tgz. Extracting by manifest.
804 silly tarball no local data for is-property@https://registry.npmjs.org/is-property/-/is-property-1.0.2.tgz. Extracting by manifest.
805 silly tarball no local data for sqlstring@https://registry.npmjs.org/sqlstring/-/sqlstring-2.3.3.tgz. Extracting by manifest.
806 silly tarball no local data for ignore-by-default@https://registry.npmjs.org/ignore-by-default/-/ignore-by-default-1.0.1.tgz. Extracting by manifest.
807 silly tarball no local data for lru.min@https://registry.npmjs.org/lru.min/-/lru.min-1.1.2.tgz. Extracting by manifest.
808 silly tarball no local data for long@https://registry.npmjs.org/long/-/long-5.3.2.tgz. Extracting by manifest.
809 silly tarball no local data for named-placeholders@https://registry.npmjs.org/named-placeholders/-/named-placeholders-1.1.3.tgz. Extracting by manifest.
810 silly tarball no local data for generate-function@https://registry.npmjs.org/generate-function/-/generate-function-2.3.1.tgz. Extracting by manifest.
811 silly tarball no local data for aws-ssl-profiles@https://registry.npmjs.org/aws-ssl-profiles/-/aws-ssl-profiles-1.1.2.tgz. Extracting by manifest.
812 silly tarball no local data for denque@https://registry.npmjs.org/denque/-/denque-2.1.0.tgz. Extracting by manifest.
813 silly tarball no local data for seq-queue@https://registry.npmjs.org/seq-queue/-/seq-queue-0.0.5.tgz. Extracting by manifest.
814 silly tarball no local data for safer-buffer@https://registry.npmjs.org/safer-buffer/-/safer-buffer-2.1.2.tgz. Extracting by manifest.
815 silly tarball no local data for toidentifier@https://registry.npmjs.org/toidentifier/-/toidentifier-1.0.1.tgz. Extracting by manifest.
816 silly tarball no local data for unpipe@https://registry.npmjs.org/unpipe/-/unpipe-1.0.0.tgz. Extracting by manifest.
817 silly tarball no local data for mime-db@https://registry.npmjs.org/mime-db/-/mime-db-1.52.0.tgz. Extracting by manifest.
818 silly tarball no local data for inherits@https://registry.npmjs.org/inherits/-/inherits-2.0.4.tgz. Extracting by manifest.
819 silly tarball no local data for iconv-lite@https://registry.npmjs.org/iconv-lite/-/iconv-lite-0.4.24.tgz. Extracting by manifest.
820 silly tarball no local data for raw-body@https://registry.npmjs.org/raw-body/-/raw-body-2.5.2.tgz. Extracting by manifest.
821 silly tarball no local data for bytes@https://registry.npmjs.org/bytes/-/bytes-3.1.2.tgz. Extracting by manifest.
822 silly tarball no local data for ms@https://registry.npmjs.org/ms/-/ms-2.0.0.tgz. Extracting by manifest.
823 silly tarball no local data for negotiator@https://registry.npmjs.org/negotiator/-/negotiator-0.6.3.tgz. Extracting by manifest.
824 silly tarball no local data for utils-merge@https://registry.npmjs.org/utils-merge/-/utils-merge-1.0.1.tgz. Extracting by manifest.
825 silly tarball no local data for mime-types@https://registry.npmjs.org/mime-types/-/mime-types-2.1.35.tgz. Extracting by manifest.
826 silly tarball no local data for statuses@https://registry.npmjs.org/statuses/-/statuses-2.0.1.tgz. Extracting by manifest.
827 silly tarball no local data for destroy@https://registry.npmjs.org/destroy/-/destroy-1.2.0.tgz. Extracting by manifest.
828 silly tarball no local data for type-is@https://registry.npmjs.org/type-is/-/type-is-1.6.18.tgz. Extracting by manifest.
829 silly tarball no local data for serve-static@https://registry.npmjs.org/serve-static/-/serve-static-1.16.2.tgz. Extracting by manifest.
830 silly tarball no local data for safe-buffer@https://registry.npmjs.org/safe-buffer/-/safe-buffer-5.2.1.tgz. Extracting by manifest.
831 silly tarball no local data for send@https://registry.npmjs.org/send/-/send-0.19.0.tgz. Extracting by manifest.
832 silly tarball no local data for setprototypeof@https://registry.npmjs.org/setprototypeof/-/setprototypeof-1.2.0.tgz. Extracting by manifest.
833 silly tarball no local data for range-parser@https://registry.npmjs.org/range-parser/-/range-parser-1.2.1.tgz. Extracting by manifest.
834 silly tarball no local data for proxy-addr@https://registry.npmjs.org/proxy-addr/-/proxy-addr-2.0.7.tgz. Extracting by manifest.
835 silly tarball no local data for path-to-regexp@https://registry.npmjs.org/path-to-regexp/-/path-to-regexp-0.1.12.tgz. Extracting by manifest.
836 silly tarball no local data for on-finished@https://registry.npmjs.org/on-finished/-/on-finished-2.4.1.tgz. Extracting by manifest.
837 silly tarball no local data for qs@https://registry.npmjs.org/qs/-/qs-6.13.0.tgz. Extracting by manifest.
838 silly tarball no local data for methods@https://registry.npmjs.org/methods/-/methods-1.1.2.tgz. Extracting by manifest.
839 silly tarball no local data for http-errors@https://registry.npmjs.org/http-errors/-/http-errors-2.0.0.tgz. Extracting by manifest.
840 silly tarball no local data for merge-descriptors@https://registry.npmjs.org/merge-descriptors/-/merge-descriptors-1.0.3.tgz. Extracting by manifest.
841 silly tarball no local data for fresh@https://registry.npmjs.org/fresh/-/fresh-0.5.2.tgz. Extracting by manifest.
842 silly tarball no local data for etag@https://registry.npmjs.org/etag/-/etag-1.8.1.tgz. Extracting by manifest.
843 silly tarball no local data for escape-html@https://registry.npmjs.org/escape-html/-/escape-html-1.0.3.tgz. Extracting by manifest.
844 silly tarball no local data for finalhandler@https://registry.npmjs.org/finalhandler/-/finalhandler-1.3.1.tgz. Extracting by manifest.
845 http cache cors@https://registry.npmjs.org/cors/-/cors-2.8.5.tgz 0ms (cache hit)
846 silly tarball no local data for encodeurl@https://registry.npmjs.org/encodeurl/-/encodeurl-2.0.0.tgz. Extracting by manifest.
847 silly tarball no local data for depd@https://registry.npmjs.org/depd/-/depd-2.0.0.tgz. Extracting by manifest.
848 silly tarball no local data for parseurl@https://registry.npmjs.org/parseurl/-/parseurl-1.3.3.tgz. Extracting by manifest.
849 silly tarball no local data for content-type@https://registry.npmjs.org/content-type/-/content-type-1.0.5.tgz. Extracting by manifest.
850 silly tarball no local data for cookie-signature@https://registry.npmjs.org/cookie-signature/-/cookie-signature-1.0.6.tgz. Extracting by manifest.
851 silly tarball no local data for content-disposition@https://registry.npmjs.org/content-disposition/-/content-disposition-0.5.4.tgz. Extracting by manifest.
852 silly tarball no local data for array-flatten@https://registry.npmjs.org/array-flatten/-/array-flatten-1.1.1.tgz. Extracting by manifest.
853 silly tarball no local data for cookie@https://registry.npmjs.org/cookie/-/cookie-0.7.1.tgz. Extracting by manifest.
854 silly tarball no local data for debug@https://registry.npmjs.org/debug/-/debug-2.6.9.tgz. Extracting by manifest.
855 silly tarball no local data for accepts@https://registry.npmjs.org/accepts/-/accepts-1.3.8.tgz. Extracting by manifest.
856 silly tarball no local data for body-parser@https://registry.npmjs.org/body-parser/-/body-parser-1.20.3.tgz. Extracting by manifest.
857 silly tarball no local data for vary@https://registry.npmjs.org/vary/-/vary-1.1.2.tgz. Extracting by manifest.
858 silly tarball no local data for nodemon@https://registry.npmjs.org/nodemon/-/nodemon-2.0.22.tgz. Extracting by manifest.
859 silly tarball no local data for object-assign@https://registry.npmjs.org/object-assign/-/object-assign-4.1.1.tgz. Extracting by manifest.
860 silly tarball no local data for semver@https://registry.npmjs.org/semver/-/semver-7.0.0.tgz. Extracting by manifest.
861 silly tarball no local data for mysql2@https://registry.npmjs.org/mysql2/-/mysql2-3.14.3.tgz. Extracting by manifest.
862 silly tarball no local data for express@https://registry.npmjs.org/express/-/express-4.21.2.tgz. Extracting by manifest.
863 silly tarball no local data for encodeurl@https://registry.npmjs.org/encodeurl/-/encodeurl-1.0.2.tgz. Extracting by manifest.
864 silly tarball no local data for ms@https://registry.npmjs.org/ms/-/ms-2.1.3.tgz. Extracting by manifest.
865 silly tarball no local data for debug@https://registry.npmjs.org/debug/-/debug-3.2.7.tgz. Extracting by manifest.
866 silly tarball no local data for ms@https://registry.npmjs.org/ms/-/ms-2.1.3.tgz. Extracting by manifest.
867 silly tarball no local data for dotenv@https://registry.npmjs.org/dotenv/-/dotenv-16.6.1.tgz. Extracting by manifest.
868 silly tarball no local data for iconv-lite@https://registry.npmjs.org/iconv-lite/-/iconv-lite-0.6.3.tgz. Extracting by manifest.
869 silly tarball no local data for cors@https://registry.npmjs.org/cors/-/cors-2.8.5.tgz. Extracting by manifest.
870 http fetch POST 200 https://registry.npmjs.org/-/npm/v1/security/advisories/bulk 224ms
871 silly audit report {
871 silly audit report   semver: [
871 silly audit report     {
871 silly audit report       id: 1101088,
871 silly audit report       url: 'https://github.com/advisories/GHSA-c2qf-rxjj-qqgw',
871 silly audit report       title: 'semver vulnerable to Regular Expression Denial of Service',
871 silly audit report       severity: 'high',
871 silly audit report       vulnerable_versions: '>=7.0.0 <7.5.2',
871 silly audit report       cwe: [Array],
871 silly audit report       cvss: [Object]
871 silly audit report     }
871 silly audit report   ]
871 silly audit report }
872 silly packumentCache corgi:https://registry.npmjs.org/semver cache-miss
873 http fetch GET 200 https://registry.npmjs.org/media-typer/-/media-typer-0.3.0.tgz 311ms (cache miss)
874 http fetch GET 200 https://registry.npmjs.org/es-define-property/-/es-define-property-1.0.1.tgz 311ms (cache miss)
875 http fetch GET 200 https://registry.npmjs.org/hasown/-/hasown-2.0.2.tgz 316ms (cache miss)
876 http fetch GET 200 https://registry.npmjs.org/es-object-atoms/-/es-object-atoms-1.1.1.tgz 316ms (cache miss)
877 http fetch GET 200 https://registry.npmjs.org/side-channel-weakmap/-/side-channel-weakmap-1.0.2.tgz 348ms (cache miss)
878 http fetch GET 200 https://registry.npmjs.org/gopd/-/gopd-1.2.0.tgz 351ms (cache miss)
879 http fetch GET 200 https://registry.npmjs.org/dunder-proto/-/dunder-proto-1.0.1.tgz 363ms (cache miss)
880 http fetch GET 200 https://registry.npmjs.org/get-proto/-/get-proto-1.0.1.tgz 362ms (cache miss)
881 http fetch GET 200 https://registry.npmjs.org/has-symbols/-/has-symbols-1.1.0.tgz 368ms (cache miss)
882 http fetch GET 200 https://registry.npmjs.org/get-intrinsic/-/get-intrinsic-1.3.0.tgz 367ms (cache miss)
883 http fetch GET 200 https://registry.npmjs.org/math-intrinsics/-/math-intrinsics-1.1.0.tgz 411ms (cache miss)
884 http fetch GET 200 https://registry.npmjs.org/side-channel-list/-/side-channel-list-1.0.0.tgz 466ms (cache miss)
885 http fetch GET 200 https://registry.npmjs.org/call-bind-apply-helpers/-/call-bind-apply-helpers-1.0.2.tgz 468ms (cache miss)
886 http fetch GET 200 https://registry.npmjs.org/es-errors/-/es-errors-1.3.0.tgz 468ms (cache miss)
887 http fetch GET 200 https://registry.npmjs.org/forwarded/-/forwarded-0.2.0.tgz 484ms (cache miss)
888 http fetch GET 200 https://registry.npmjs.org/ipaddr.js/-/ipaddr.js-1.9.1.tgz 489ms (cache miss)
889 http fetch GET 200 https://registry.npmjs.org/side-channel-map/-/side-channel-map-1.0.1.tgz 503ms (cache miss)
890 http fetch GET 200 https://registry.npmjs.org/function-bind/-/function-bind-1.1.2.tgz 505ms (cache miss)
891 http fetch GET 200 https://registry.npmjs.org/mime/-/mime-1.6.0.tgz 506ms (cache miss)
892 http fetch GET 200 https://registry.npmjs.org/balanced-match/-/balanced-match-1.0.2.tgz 540ms (cache miss)
893 http fetch GET 200 https://registry.npmjs.org/brace-expansion/-/brace-expansion-1.1.12.tgz 621ms (cache miss)
894 http fetch GET 200 https://registry.npmjs.org/side-channel/-/side-channel-1.1.0.tgz 657ms (cache miss)
895 http fetch GET 200 https://registry.npmjs.org/to-regex-range/-/to-regex-range-5.0.1.tgz 670ms (cache miss)
896 http fetch GET 200 https://registry.npmjs.org/binary-extensions/-/binary-extensions-2.3.0.tgz 672ms (cache miss)
897 http fetch GET 200 https://registry.npmjs.org/fill-range/-/fill-range-7.1.1.tgz 671ms (cache miss)
898 http fetch GET 200 https://registry.npmjs.org/call-bound/-/call-bound-1.0.4.tgz 679ms (cache miss)
899 http fetch GET 200 https://registry.npmjs.org/is-extglob/-/is-extglob-2.1.1.tgz 675ms (cache miss)
900 http fetch GET 200 https://registry.npmjs.org/ee-first/-/ee-first-1.1.1.tgz 677ms (cache miss)
901 http fetch GET 200 https://registry.npmjs.org/concat-map/-/concat-map-0.0.1.tgz 681ms (cache miss)
902 http fetch GET 200 https://registry.npmjs.org/normalize-path/-/normalize-path-3.0.0.tgz 678ms (cache miss)
903 http fetch GET 200 https://registry.npmjs.org/picomatch/-/picomatch-2.3.1.tgz 697ms (cache miss)
904 http fetch GET 200 https://registry.npmjs.org/is-glob/-/is-glob-4.0.3.tgz 731ms (cache miss)
905 http fetch GET 200 https://registry.npmjs.org/anymatch/-/anymatch-3.1.3.tgz 848ms (cache miss)
906 http fetch GET 200 https://registry.npmjs.org/is-binary-path/-/is-binary-path-2.1.0.tgz 854ms (cache miss)
907 http fetch GET 200 https://registry.npmjs.org/glob-parent/-/glob-parent-5.1.2.tgz 856ms (cache miss)
908 http fetch GET 200 https://registry.npmjs.org/touch/-/touch-3.1.1.tgz 855ms (cache miss)
909 http fetch GET 200 https://registry.npmjs.org/has-flag/-/has-flag-3.0.0.tgz 879ms (cache miss)
910 http fetch GET 200 https://registry.npmjs.org/braces/-/braces-3.0.3.tgz 871ms (cache miss)
911 http fetch GET 200 https://registry.npmjs.org/pstree.remy/-/pstree.remy-1.1.8.tgz 893ms (cache miss)
912 http fetch GET 200 https://registry.npmjs.org/object-inspect/-/object-inspect-1.13.4.tgz 923ms (cache miss)
913 http fetch GET 200 https://registry.npmjs.org/is-number/-/is-number-7.0.0.tgz 957ms (cache miss)
914 http fetch GET 200 https://registry.npmjs.org/readdirp/-/readdirp-3.6.0.tgz 971ms (cache miss)
915 http fetch GET 200 https://registry.npmjs.org/minimatch/-/minimatch-3.1.2.tgz 1017ms (cache miss)
916 http fetch GET 200 https://registry.npmjs.org/ignore-by-default/-/ignore-by-default-1.0.1.tgz 1021ms (cache miss)
917 http fetch GET 200 https://registry.npmjs.org/chokidar/-/chokidar-3.6.0.tgz 1040ms (cache miss)
918 http fetch GET 200 https://registry.npmjs.org/undefsafe/-/undefsafe-2.0.5.tgz 1045ms (cache miss)
919 http fetch GET 200 https://registry.npmjs.org/supports-color/-/supports-color-5.5.0.tgz 1045ms (cache miss)
920 http fetch GET 200 https://registry.npmjs.org/simple-update-notifier/-/simple-update-notifier-1.1.0.tgz 1057ms (cache miss)
921 http fetch GET 200 https://registry.npmjs.org/lru-cache/-/lru-cache-7.18.3.tgz 1115ms (cache miss)
922 http fetch GET 200 https://registry.npmjs.org/generate-function/-/generate-function-2.3.1.tgz 1111ms (cache miss)
923 http fetch GET 200 https://registry.npmjs.org/seq-queue/-/seq-queue-0.0.5.tgz 1190ms (cache miss)
924 http fetch GET 200 https://registry.npmjs.org/lru.min/-/lru.min-1.1.2.tgz 1205ms (cache miss)
925 http fetch GET 200 https://registry.npmjs.org/toidentifier/-/toidentifier-1.0.1.tgz 1212ms (cache miss)
926 http fetch GET 200 https://registry.npmjs.org/is-property/-/is-property-1.0.2.tgz 1232ms (cache miss)
927 http fetch GET 200 https://registry.npmjs.org/inherits/-/inherits-2.0.4.tgz 1251ms (cache miss)
928 http fetch GET 200 https://registry.npmjs.org/named-placeholders/-/named-placeholders-1.1.3.tgz 1263ms (cache miss)
929 http fetch GET 200 https://registry.npmjs.org/aws-ssl-profiles/-/aws-ssl-profiles-1.1.2.tgz 1330ms (cache miss)
930 http fetch GET 200 https://registry.npmjs.org/unpipe/-/unpipe-1.0.0.tgz 1358ms (cache miss)
931 http fetch GET 200 https://registry.npmjs.org/raw-body/-/raw-body-2.5.2.tgz 1389ms (cache miss)
932 http fetch GET 200 https://registry.npmjs.org/bytes/-/bytes-3.1.2.tgz 1389ms (cache miss)
933 http fetch GET 200 https://registry.npmjs.org/denque/-/denque-2.1.0.tgz 1402ms (cache miss)
934 http fetch GET 200 https://registry.npmjs.org/safer-buffer/-/safer-buffer-2.1.2.tgz 1409ms (cache miss)
935 http fetch GET 200 https://registry.npmjs.org/ms/-/ms-2.0.0.tgz 1405ms (cache miss)
936 http fetch GET 200 https://registry.npmjs.org/utils-merge/-/utils-merge-1.0.1.tgz 1431ms (cache miss)
937 http fetch GET 200 https://registry.npmjs.org/mime-types/-/mime-types-2.1.35.tgz 1436ms (cache miss)
938 http fetch GET 200 https://registry.npmjs.org/iconv-lite/-/iconv-lite-0.4.24.tgz 1491ms (cache miss)
939 http fetch GET 200 https://registry.npmjs.org/statuses/-/statuses-2.0.1.tgz 1501ms (cache miss)
940 http fetch GET 200 https://registry.npmjs.org/safe-buffer/-/safe-buffer-5.2.1.tgz 1560ms (cache miss)
941 http fetch GET 200 https://registry.npmjs.org/serve-static/-/serve-static-1.16.2.tgz 1560ms (cache miss)
942 http fetch GET 200 https://registry.npmjs.org/type-is/-/type-is-1.6.18.tgz 1596ms (cache miss)
943 http fetch GET 200 https://registry.npmjs.org/setprototypeof/-/setprototypeof-1.2.0.tgz 1596ms (cache miss)
944 http fetch GET 200 https://registry.npmjs.org/send/-/send-0.19.0.tgz 1600ms (cache miss)
945 http fetch GET 200 https://registry.npmjs.org/range-parser/-/range-parser-1.2.1.tgz 1612ms (cache miss)
946 http fetch GET 200 https://registry.npmjs.org/negotiator/-/negotiator-0.6.3.tgz 1617ms (cache miss)
947 http fetch GET 200 https://registry.npmjs.org/proxy-addr/-/proxy-addr-2.0.7.tgz 1619ms (cache miss)
948 http fetch GET 200 https://registry.npmjs.org/path-to-regexp/-/path-to-regexp-0.1.12.tgz 1655ms (cache miss)
949 http fetch GET 200 https://registry.npmjs.org/on-finished/-/on-finished-2.4.1.tgz 1691ms (cache miss)
950 http fetch GET 200 https://registry.npmjs.org/destroy/-/destroy-1.2.0.tgz 1723ms (cache miss)
951 http fetch GET 200 https://registry.npmjs.org/escape-html/-/escape-html-1.0.3.tgz 1781ms (cache miss)
952 http fetch GET 200 https://registry.npmjs.org/fresh/-/fresh-0.5.2.tgz 1783ms (cache miss)
953 http fetch GET 200 https://registry.npmjs.org/http-errors/-/http-errors-2.0.0.tgz 1791ms (cache miss)
954 http fetch GET 200 https://registry.npmjs.org/finalhandler/-/finalhandler-1.3.1.tgz 1803ms (cache miss)
955 http fetch GET 200 https://registry.npmjs.org/mime-db/-/mime-db-1.52.0.tgz 1849ms (cache miss)
956 http fetch GET 200 https://registry.npmjs.org/encodeurl/-/encodeurl-2.0.0.tgz 1836ms (cache miss)
957 http fetch GET 200 https://registry.npmjs.org/etag/-/etag-1.8.1.tgz 1840ms (cache miss)
958 http fetch GET 200 https://registry.npmjs.org/depd/-/depd-2.0.0.tgz 1875ms (cache miss)
959 http fetch GET 200 https://registry.npmjs.org/sqlstring/-/sqlstring-2.3.3.tgz 1928ms (cache miss)
960 http fetch GET 200 https://registry.npmjs.org/cookie-signature/-/cookie-signature-1.0.6.tgz 1963ms (cache miss)
961 http fetch GET 200 https://registry.npmjs.org/content-type/-/content-type-1.0.5.tgz 1967ms (cache miss)
962 http fetch GET 200 https://registry.npmjs.org/content-disposition/-/content-disposition-0.5.4.tgz 1975ms (cache miss)
963 http fetch GET 200 https://registry.npmjs.org/qs/-/qs-6.13.0.tgz 1987ms (cache miss)
964 http fetch GET 200 https://registry.npmjs.org/array-flatten/-/array-flatten-1.1.1.tgz 1986ms (cache miss)
965 http fetch GET 200 https://registry.npmjs.org/debug/-/debug-2.6.9.tgz 2029ms (cache miss)
966 http fetch GET 200 https://registry.npmjs.org/body-parser/-/body-parser-1.20.3.tgz 2066ms (cache miss)
967 http fetch GET 200 https://registry.npmjs.org/parseurl/-/parseurl-1.3.3.tgz 2138ms (cache miss)
968 http fetch GET 200 https://registry.npmjs.org/object-assign/-/object-assign-4.1.1.tgz 2143ms (cache miss)
969 http fetch GET 200 https://registry.npmjs.org/encodeurl/-/encodeurl-1.0.2.tgz 2181ms (cache miss)
970 http fetch GET 200 https://registry.npmjs.org/ms/-/ms-2.1.3.tgz 2236ms (cache miss)
971 http fetch GET 200 https://registry.npmjs.org/vary/-/vary-1.1.2.tgz 2254ms (cache miss)
972 http fetch GET 200 https://registry.npmjs.org/methods/-/methods-1.1.2.tgz 2264ms (cache miss)
973 http fetch GET 200 https://registry.npmjs.org/semver/-/semver-7.0.0.tgz 2254ms (cache miss)
974 http fetch GET 200 https://registry.npmjs.org/cookie/-/cookie-0.7.1.tgz 2307ms (cache miss)
975 http fetch GET 200 https://registry.npmjs.org/ms/-/ms-2.1.3.tgz 2319ms (cache miss)
976 http fetch GET 200 https://registry.npmjs.org/nodemon/-/nodemon-2.0.22.tgz 2388ms (cache miss)
977 http fetch GET 200 https://registry.npmjs.org/dotenv/-/dotenv-16.6.1.tgz 2387ms (cache miss)
978 http fetch GET 200 https://registry.npmjs.org/express/-/express-4.21.2.tgz 2435ms (cache miss)
979 http fetch GET 200 https://registry.npmjs.org/long/-/long-5.3.2.tgz 2628ms (cache miss)
980 http fetch GET 200 https://registry.npmjs.org/cors/-/cors-2.8.5.tgz 2553ms (cache miss)
981 http fetch GET 200 https://registry.npmjs.org/merge-descriptors/-/merge-descriptors-1.0.3.tgz 2653ms (cache miss)
982 http fetch GET 200 https://registry.npmjs.org/accepts/-/accepts-1.3.8.tgz 2689ms (cache miss)
983 http fetch GET 200 https://registry.npmjs.org/mysql2/-/mysql2-3.14.3.tgz 2725ms (cache miss)
984 http fetch GET 200 https://registry.npmjs.org/iconv-lite/-/iconv-lite-0.6.3.tgz 2806ms (cache miss)
985 http fetch GET 200 https://registry.npmjs.org/debug/-/debug-3.2.7.tgz 3256ms (cache miss)
986 http fetch GET 200 https://registry.npmjs.org/semver 3573ms (cache miss)
987 silly packumentCache corgi:https://registry.npmjs.org/semver set size:undefined disposed:false
988 silly packumentCache corgi:https://registry.npmjs.org/simple-update-notifier cache-miss
989 http fetch GET 200 https://registry.npmjs.org/semver/-/semver-5.7.2.tgz 3845ms (cache miss)
990 http fetch GET 200 https://registry.npmjs.org/simple-update-notifier 245ms (cache miss)
991 silly packumentCache corgi:https://registry.npmjs.org/simple-update-notifier set size:undefined disposed:false
992 silly packumentCache corgi:https://registry.npmjs.org/nodemon cache-miss
993 http fetch GET 200 https://registry.npmjs.org/nodemon 1910ms (cache miss)
994 silly packumentCache corgi:https://registry.npmjs.org/nodemon set size:undefined disposed:false
995 silly ADD node_modules/media-typer
996 silly ADD node_modules/is-number
997 silly ADD node_modules/has-flag
998 silly ADD node_modules/dunder-proto
999 silly ADD node_modules/math-intrinsics
1000 silly ADD node_modules/hasown
1001 silly ADD node_modules/has-symbols
1002 silly ADD node_modules/gopd
1003 silly ADD node_modules/get-proto
1004 silly ADD node_modules/es-object-atoms
1005 silly ADD node_modules/es-define-property
1006 silly ADD node_modules/function-bind
1007 silly ADD node_modules/call-bind-apply-helpers
1008 silly ADD node_modules/get-intrinsic
1009 silly ADD node_modules/call-bound
1010 silly ADD node_modules/side-channel-weakmap
1011 silly ADD node_modules/side-channel-map
1012 silly ADD node_modules/side-channel-list
1013 silly ADD node_modules/object-inspect
1014 silly ADD node_modules/es-errors
1015 silly ADD node_modules/mime
1016 silly ADD node_modules/side-channel
1017 silly ADD node_modules/ipaddr.js
1018 silly ADD node_modules/forwarded
1019 silly ADD node_modules/ee-first
1020 silly ADD node_modules/concat-map
1021 silly ADD node_modules/balanced-match
1022 silly ADD node_modules/brace-expansion
1023 silly ADD node_modules/is-extglob
1024 silly ADD node_modules/binary-extensions
1025 silly ADD node_modules/to-regex-range
1026 silly ADD node_modules/fill-range
1027 silly ADD node_modules/picomatch
1028 silly ADD node_modules/readdirp
1029 silly ADD node_modules/normalize-path
1030 silly ADD node_modules/is-glob
1031 silly ADD node_modules/is-binary-path
1032 silly ADD node_modules/glob-parent
1033 silly ADD
1034 silly ADD node_modules/braces
1035 silly ADD node_modules/anymatch
1036 silly ADD node_modules/undefsafe
1037 silly ADD node_modules/touch
1038 silly ADD node_modules/supports-color
1039 silly ADD node_modules/simple-update-notifier
1040 silly ADD node_modules/simple-update-notifier/node_modules/semver
1041 silly ADD node_modules/semver
1042 silly ADD node_modules/pstree.remy
1043 silly ADD node_modules/minimatch
1044 silly ADD node_modules/ignore-by-default
1045 silly ADD node_modules/chokidar
1046 silly ADD node_modules/lru-cache
1047 silly ADD node_modules/is-property
1048 silly ADD node_modules/sqlstring
1049 silly ADD node_modules/seq-queue
1050 silly ADD node_modules/named-placeholders
1051 silly ADD node_modules/lru.min
1052 silly ADD node_modules/long
1053 silly ADD node_modules/generate-function
1054 silly ADD node_modules/denque
1055 silly ADD node_modules/aws-ssl-profiles
1056 silly ADD node_modules/mime-db
1057 silly ADD node_modules/safer-buffer
1058 silly ADD node_modules/toidentifier
1059 silly ADD node_modules/inherits
1060 silly ADD node_modules/ms
1061 silly ADD node_modules/unpipe
1062 silly ADD node_modules/raw-body
1063 silly ADD node_modules/iconv-lite
1064 silly ADD node_modules/destroy
1065 silly ADD node_modules/bytes
1066 silly ADD node_modules/negotiator
1067 silly ADD node_modules/mime-types
1068 silly ADD node_modules/utils-merge
1069 silly ADD node_modules/type-is
1070 silly ADD node_modules/statuses
1071 silly ADD node_modules/setprototypeof
1072 silly ADD node_modules/serve-static
1073 silly ADD node_modules/send
1074 silly ADD node_modules/send/node_modules/ms
1075 silly ADD node_modules/send/node_modules/encodeurl
1076 silly ADD node_modules/safe-buffer
1077 silly ADD node_modules/range-parser
1078 silly ADD node_modules/qs
1079 silly ADD node_modules/proxy-addr
1080 silly ADD node_modules/path-to-regexp
1081 silly ADD node_modules/parseurl
1082 silly ADD node_modules/on-finished
1083 silly ADD node_modules/methods
1084 silly ADD node_modules/merge-descriptors
1085 silly ADD node_modules/http-errors
1086 silly ADD node_modules/fresh
1087 silly ADD node_modules/finalhandler
1088 silly ADD node_modules/etag
1089 silly ADD node_modules/escape-html
1090 silly ADD node_modules/encodeurl
1091 silly ADD node_modules/depd
1092 silly ADD node_modules/debug
1093 silly ADD node_modules/cookie-signature
1094 silly ADD node_modules/cookie
1095 silly ADD node_modules/content-type
1096 silly ADD node_modules/content-disposition
1097 silly ADD node_modules/body-parser
1098 silly ADD node_modules/array-flatten
1099 silly ADD node_modules/accepts
1100 silly ADD node_modules/vary
1101 silly ADD node_modules/object-assign
1102 silly ADD node_modules/nodemon
1103 silly ADD node_modules/nodemon/node_modules/ms
1104 silly ADD node_modules/nodemon/node_modules/debug
1105 silly ADD node_modules/mysql2
1106 silly ADD node_modules/mysql2/node_modules/iconv-lite
1107 silly ADD node_modules/express
1108 silly ADD node_modules/dotenv
1109 silly ADD node_modules/cors
1110 verbose cwd D:\GitHub\fit-p
1111 verbose os Windows_NT 10.0.26100
1112 verbose node v22.18.0
1113 verbose npm  v10.9.3
1114 notice
1114 notice New [31mmajor[39m version of npm available! [31m10.9.3[39m -> [34m11.5.2[39m
1114 notice Changelog: [34mhttps://github.com/npm/cli/releases/tag/v11.5.2[39m
1114 notice To update run: [4mnpm install -g npm@11.5.2[24m
1114 notice  { force: true, [Symbol(proc-log.meta)]: true }
1115 verbose exit 0
1116 info ok
